<?xml version="1.0" encoding="UTF-8"?>
<testsuite xmlns:xsi="http://www.w3.org/2001/XMLSchema-instance" xsi:noNamespaceSchemaLocation="https://maven.apache.org/surefire/maven-surefire-plugin/xsd/surefire-test-report.xsd" version="3.0.2" name="com.duoc.week3.repository.UserRepositoryTest" time="4.009" tests="1" errors="0" skipped="0" failures="0">
  <properties>
[...]
</properties>
  <testcase name="tetsFindByEmailAndPassword" classname="com.duoc.week3.repository.UserRepositoryTest" time="0.572">
    <system-out><![CDATA[18:23:30.653 [main] INFO org.springframework.test.context.support.AnnotationConfigContextLoaderUtils -- Could not detect default configuration classes for test class [com.duoc.week3.repository.UserRepositoryTest]: UserRepositoryTest does not declare any static, non-private, non-final, nested classes annotated with @Configuration.
18:23:30.741 [main] INFO org.springframework.boot.test.context.SpringBootTestContextBootstrapper -- Found @SpringBootConfiguration com.duoc.week3.Week3Application for test class com.duoc.week3.repository.UserRepositoryTest
18:23:30.780 [main] INFO org.springframework.boot.devtools.restart.RestartApplicationListener -- Restart disabled due to context in which it is running

  .   ____          _            __ _ _
 /\\ / ___'_ __ _ _(_)_ __  __ _ \ \ \ \
( ( )\___ | '_ | '_| | '_ \/ _` | \ \ \ \
 \\/  ___)| |_)| | | | | || (_| |  ) ) ) )
  '  |____| .__|_| |_|_| |_\__, | / / / /
 =========|_|==============|___/=/_/_/_/

 :: Spring Boot ::                (v3.4.4)

2025-05-05T18:23:30.917-04:00 DEBUG 62669 --- [week3] [kground-preinit] org.jboss.logging                        : Logging Provider: org.jboss.logging.Slf4jLoggerProvider found via system property
2025-05-05T18:23:30.921-04:00 DEBUG 62669 --- [week3] [kground-preinit] o.h.v.i.xml.config.ValidationXmlParser   : Trying to load META-INF/validation.xml for XML based Validator configuration.
2025-05-05T18:23:30.921-04:00 DEBUG 62669 --- [week3] [kground-preinit] o.h.v.i.xml.config.ResourceLoaderHelper  : Trying to load META-INF/validation.xml via TCCL
2025-05-05T18:23:30.922-04:00 DEBUG 62669 --- [week3] [kground-preinit] o.h.v.i.xml.config.ResourceLoaderHelper  : Trying to load META-INF/validation.xml via Hibernate Validator's class loader
2025-05-05T18:23:30.922-04:00 DEBUG 62669 --- [week3] [kground-preinit] o.h.v.i.xml.config.ValidationXmlParser   : No META-INF/validation.xml found. Using annotation based configuration only.
2025-05-05T18:23:30.924-04:00 DEBUG 62669 --- [week3] [kground-preinit] o.h.v.i.e.resolver.TraversableResolvers  : Found jakarta.persistence.Persistence on classpath containing 'getPersistenceUtil'. Assuming JPA 2 environment. Trying to instantiate JPA aware TraversableResolver
2025-05-05T18:23:30.925-04:00 DEBUG 62669 --- [week3] [kground-preinit] o.h.v.i.e.resolver.TraversableResolvers  : Instantiated JPA aware TraversableResolver of type org.hibernate.validator.internal.engine.resolver.JPATraversableResolver.
2025-05-05T18:23:30.934-04:00 DEBUG 62669 --- [week3] [kground-preinit] .h.v.m.ResourceBundleMessageInterpolator : Loaded expression factory via original TCCL
2025-05-05T18:23:30.941-04:00  INFO 62669 --- [week3] [           main] c.d.week3.repository.UserRepositoryTest  : Starting UserRepositoryTest using Java 23.0.2 with PID 62669 (started by x0dsanta in /Users/x0dsanta/Developer/Duoc/Fullstack_1/Week_3/week3)
2025-05-05T18:23:30.941-04:00 DEBUG 62669 --- [week3] [           main] c.d.week3.repository.UserRepositoryTest  : Running with Spring Boot v3.4.4, Spring v6.2.5
2025-05-05T18:23:30.942-04:00  INFO 62669 --- [week3] [           main] c.d.week3.repository.UserRepositoryTest  : No active profile set, falling back to 1 default profile: "default"
2025-05-05T18:23:30.942-04:00 DEBUG 62669 --- [week3] [           main] o.s.boot.SpringApplication               : Loading source class com.duoc.week3.Week3Application
2025-05-05T18:23:30.950-04:00 DEBUG 62669 --- [week3] [           main] s.c.a.AnnotationConfigApplicationContext : Refreshing org.springframework.context.annotation.AnnotationConfigApplicationContext@1e7f2e0f
2025-05-05T18:23:30.957-04:00 DEBUG 62669 --- [week3] [           main] o.s.b.f.s.DefaultListableBeanFactory     : Creating shared instance of singleton bean 'org.springframework.context.annotation.internalConfigurationAnnotationProcessor'
2025-05-05T18:23:30.966-04:00 DEBUG 62669 --- [week3] [           main] o.s.b.f.s.DefaultListableBeanFactory     : Creating shared instance of singleton bean 'org.springframework.boot.autoconfigure.internalCachingMetadataReaderFactory'
2025-05-05T18:23:30.971-04:00 DEBUG 62669 --- [week3] [kground-preinit] .i.e.ValidatorFactoryConfigurationHelper : HV000252: Using org.hibernate.validator.internal.engine.DefaultPropertyNodeNameProvider as property node name provider.
2025-05-05T18:23:30.974-04:00 DEBUG 62669 --- [week3] [kground-preinit] .i.e.ValidatorFactoryConfigurationHelper : HV000234: Using org.hibernate.validator.messageinterpolation.ResourceBundleMessageInterpolator as ValidatorFactory-scoped message interpolator.
2025-05-05T18:23:30.974-04:00 DEBUG 62669 --- [week3] [kground-preinit] .i.e.ValidatorFactoryConfigurationHelper : HV000234: Using org.hibernate.validator.internal.engine.resolver.JPATraversableResolver as ValidatorFactory-scoped traversable resolver.
2025-05-05T18:23:30.974-04:00 DEBUG 62669 --- [week3] [kground-preinit] .i.e.ValidatorFactoryConfigurationHelper : HV000234: Using org.hibernate.validator.internal.util.ExecutableParameterNameProvider as ValidatorFactory-scoped parameter name provider.
2025-05-05T18:23:30.974-04:00 DEBUG 62669 --- [week3] [kground-preinit] .i.e.ValidatorFactoryConfigurationHelper : HV000234: Using org.hibernate.validator.internal.engine.DefaultClockProvider as ValidatorFactory-scoped clock provider.
2025-05-05T18:23:30.975-04:00 DEBUG 62669 --- [week3] [kground-preinit] .i.e.ValidatorFactoryConfigurationHelper : HV000234: Using org.hibernate.validator.internal.engine.scripting.DefaultScriptEvaluatorFactory as ValidatorFactory-scoped script evaluator factory.
2025-05-05T18:23:31.146-04:00  INFO 62669 --- [week3] [           main] .s.d.r.c.RepositoryConfigurationDelegate : Bootstrapping Spring Data JPA repositories in DEFAULT mode.
2025-05-05T18:23:31.152-04:00 DEBUG 62669 --- [week3] [           main] o.s.b.f.s.DefaultListableBeanFactory     : Creating shared instance of singleton bean 'org.springframework.boot.autoconfigure.AutoConfigurationPackages'
2025-05-05T18:23:31.156-04:00 DEBUG 62669 --- [week3] [           main] o.s.b.a.AutoConfigurationPackages        : @EnableAutoConfiguration was declared on a class in the package 'com.duoc.week3'. Automatic @Repository and @Entity scanning is enabled.
2025-05-05T18:23:31.157-04:00 DEBUG 62669 --- [week3] [           main] .s.d.r.c.RepositoryConfigurationDelegate : Scanning for JPA repositories in packages com.duoc.week3.
2025-05-05T18:23:31.162-04:00 DEBUG 62669 --- [week3] [           main] o.s.d.r.c.RepositoryComponentProvider    : Identified candidate component class: file [/Users/x0dsanta/Developer/Duoc/Fullstack_1/Week_3/week3/target/classes/com/duoc/week3/repository/PetRepository.class]
2025-05-05T18:23:31.162-04:00 DEBUG 62669 --- [week3] [           main] o.s.d.r.c.RepositoryComponentProvider    : Identified candidate component class: file [/Users/x0dsanta/Developer/Duoc/Fullstack_1/Week_3/week3/target/classes/com/duoc/week3/repository/RoleRepository.class]
2025-05-05T18:23:31.162-04:00 DEBUG 62669 --- [week3] [           main] o.s.d.r.c.RepositoryComponentProvider    : Identified candidate component class: file [/Users/x0dsanta/Developer/Duoc/Fullstack_1/Week_3/week3/target/classes/com/duoc/week3/repository/UserRepository.class]
2025-05-05T18:23:31.176-04:00 DEBUG 62669 --- [week3] [           main] ssPathScanningCandidateComponentProvider : Identified candidate component class: file [/Users/x0dsanta/Developer/Duoc/Fullstack_1/Week_3/week3/target/classes/com/duoc/week3/service/PetServiceImpl.class]
2025-05-05T18:23:31.176-04:00 DEBUG 62669 --- [week3] [           main] ssPathScanningCandidateComponentProvider : Identified candidate component class: file [/Users/x0dsanta/Developer/Duoc/Fullstack_1/Week_3/week3/target/classes/com/duoc/week3/service/UserServiceImpl.class]
2025-05-05T18:23:31.185-04:00  INFO 62669 --- [week3] [           main] .s.d.r.c.RepositoryConfigurationDelegate : Finished Spring Data repository scanning in 27 ms. Found 3 JPA repository interfaces.
2025-05-05T18:23:31.213-04:00 DEBUG 62669 --- [week3] [           main] o.s.b.f.s.DefaultListableBeanFactory     : Creating shared instance of singleton bean 'org.springframework.boot.test.context.ImportsContextCustomizer$ImportsCleanupPostProcessor'
2025-05-05T18:23:31.215-04:00 DEBUG 62669 --- [week3] [           main] o.s.b.f.s.DefaultListableBeanFactory     : Creating shared instance of singleton bean 'org.springframework.boot.test.mock.mockito.MockitoPostProcessor'
2025-05-05T18:23:31.216-04:00 DEBUG 62669 --- [week3] [           main] o.s.b.f.s.DefaultListableBeanFactory     : Creating shared instance of singleton bean 'emBeanDefinitionRegistrarPostProcessor'
2025-05-05T18:23:31.216-04:00 DEBUG 62669 --- [week3] [           main] o.s.b.f.s.DefaultListableBeanFactory     : Creating shared instance of singleton bean 'org.springframework.boot.sql.init.dependency.DatabaseInitializationDependencyConfigurer$DependsOnDatabaseInitializationPostProcessor'
2025-05-05T18:23:31.234-04:00 DEBUG 62669 --- [week3] [           main] o.s.b.f.s.DefaultListableBeanFactory     : Creating shared instance of singleton bean 'org.springframework.context.event.internalEventListenerProcessor'
2025-05-05T18:23:31.235-04:00 DEBUG 62669 --- [week3] [           main] o.s.b.f.s.DefaultListableBeanFactory     : Creating shared instance of singleton bean 'org.springframework.context.event.internalEventListenerFactory'
2025-05-05T18:23:31.235-04:00 DEBUG 62669 --- [week3] [           main] o.s.b.f.s.DefaultListableBeanFactory     : Creating shared instance of singleton bean 'org.springframework.transaction.config.internalTransactionalEventListenerFactory'
2025-05-05T18:23:31.237-04:00 DEBUG 62669 --- [week3] [           main] o.s.b.f.s.DefaultListableBeanFactory     : Creating shared instance of singleton bean 'org.springframework.context.annotation.internalAutowiredAnnotationProcessor'
2025-05-05T18:23:31.238-04:00 DEBUG 62669 --- [week3] [           main] o.s.b.f.s.DefaultListableBeanFactory     : Creating shared instance of singleton bean 'org.springframework.context.annotation.internalCommonAnnotationProcessor'
2025-05-05T18:23:31.241-04:00 DEBUG 62669 --- [week3] [           main] o.s.b.f.s.DefaultListableBeanFactory     : Creating shared instance of singleton bean 'org.springframework.context.annotation.internalPersistenceAnnotationProcessor'
2025-05-05T18:23:31.242-04:00 DEBUG 62669 --- [week3] [           main] o.s.b.f.s.DefaultListableBeanFactory     : Creating shared instance of singleton bean 'org.springframework.boot.test.mock.mockito.MockitoPostProcessor$SpyPostProcessor'
2025-05-05T18:23:31.242-04:00 DEBUG 62669 --- [week3] [           main] o.s.b.f.s.DefaultListableBeanFactory     : Creating shared instance of singleton bean 'jdbcConnectionDetailsHikariBeanPostProcessor'
2025-05-05T18:23:31.245-04:00 DEBUG 62669 --- [week3] [           main] o.s.b.f.s.DefaultListableBeanFactory     : Creating shared instance of singleton bean 'org.springframework.boot.context.properties.ConfigurationPropertiesBindingPostProcessor'
2025-05-05T18:23:31.245-04:00 DEBUG 62669 --- [week3] [           main] o.s.b.f.s.DefaultListableBeanFactory     : Creating shared instance of singleton bean 'org.springframework.boot.context.internalConfigurationPropertiesBinder'
2025-05-05T18:23:31.247-04:00 DEBUG 62669 --- [week3] [           main] o.s.b.f.s.DefaultListableBeanFactory     : Creating shared instance of singleton bean 'org.springframework.aop.config.internalAutoProxyCreator'
2025-05-05T18:23:31.254-04:00 DEBUG 62669 --- [week3] [           main] o.s.b.f.s.DefaultListableBeanFactory     : Creating shared instance of singleton bean 'org.springframework.test.context.support.internalDynamicPropertyRegistrarBeanInitializer'
2025-05-05T18:23:31.255-04:00 DEBUG 62669 --- [week3] [           main] o.s.b.f.s.DefaultListableBeanFactory     : Creating shared instance of singleton bean 'org.springframework.transaction.config.internalTransactionAdvisor'
2025-05-05T18:23:31.255-04:00 DEBUG 62669 --- [week3] [           main] o.s.b.f.s.DefaultListableBeanFactory     : Creating shared instance of singleton bean 'org.springframework.transaction.annotation.ProxyTransactionManagementConfiguration'
2025-05-05T18:23:31.273-04:00 DEBUG 62669 --- [week3] [           main] o.s.b.f.s.DefaultListableBeanFactory     : Creating shared instance of singleton bean 'transactionAttributeSource'
2025-05-05T18:23:31.274-04:00 DEBUG 62669 --- [week3] [           main] o.s.b.f.s.DefaultListableBeanFactory     : Creating shared instance of singleton bean 'transactionInterceptor'
2025-05-05T18:23:31.274-04:00 DEBUG 62669 --- [week3] [           main] o.s.b.f.s.DefaultListableBeanFactory     : Autowiring by type from bean name 'transactionInterceptor' via factory method to bean named 'transactionAttributeSource'
2025-05-05T18:23:31.277-04:00 DEBUG 62669 --- [week3] [           main] o.s.b.f.s.DefaultListableBeanFactory     : Autowiring by type from bean name 'org.springframework.transaction.config.internalTransactionAdvisor' via factory method to bean named 'transactionAttributeSource'
2025-05-05T18:23:31.277-04:00 DEBUG 62669 --- [week3] [           main] o.s.b.f.s.DefaultListableBeanFactory     : Autowiring by type from bean name 'org.springframework.transaction.config.internalTransactionAdvisor' via factory method to bean named 'transactionInterceptor'
2025-05-05T18:23:31.279-04:00 DEBUG 62669 --- [week3] [           main] o.s.b.f.s.DefaultListableBeanFactory     : Creating shared instance of singleton bean 'entityManagerFactory'
2025-05-05T18:23:31.279-04:00 DEBUG 62669 --- [week3] [           main] o.s.b.f.s.DefaultListableBeanFactory     : Creating shared instance of singleton bean 'org.springframework.boot.autoconfigure.orm.jpa.HibernateJpaConfiguration'
2025-05-05T18:23:31.280-04:00 DEBUG 62669 --- [week3] [           main] o.s.b.f.s.DefaultListableBeanFactory     : Creating shared instance of singleton bean 'dataSource'
2025-05-05T18:23:31.280-04:00 DEBUG 62669 --- [week3] [           main] o.s.b.f.s.DefaultListableBeanFactory     : Creating shared instance of singleton bean 'org.springframework.boot.autoconfigure.jdbc.DataSourceConfiguration$Hikari'
2025-05-05T18:23:31.280-04:00 DEBUG 62669 --- [week3] [           main] o.s.b.f.s.DefaultListableBeanFactory     : Creating shared instance of singleton bean 'spring.datasource-org.springframework.boot.autoconfigure.jdbc.DataSourceProperties'
2025-05-05T18:23:31.281-04:00 DEBUG 62669 --- [week3] [           main] o.s.b.f.s.DefaultListableBeanFactory     : Creating shared instance of singleton bean 'org.springframework.boot.context.properties.BoundConfigurationProperties'
2025-05-05T18:23:31.287-04:00 DEBUG 62669 --- [week3] [           main] o.s.b.f.s.DefaultListableBeanFactory     : Creating shared instance of singleton bean 'jdbcConnectionDetails'
2025-05-05T18:23:31.288-04:00 DEBUG 62669 --- [week3] [           main] o.s.b.f.s.DefaultListableBeanFactory     : Creating shared instance of singleton bean 'org.springframework.boot.autoconfigure.jdbc.DataSourceAutoConfiguration$PooledDataSourceConfiguration'
2025-05-05T18:23:31.288-04:00 DEBUG 62669 --- [week3] [           main] o.s.b.f.s.DefaultListableBeanFactory     : Autowiring by type from bean name 'jdbcConnectionDetails' via factory method to bean named 'spring.datasource-org.springframework.boot.autoconfigure.jdbc.DataSourceProperties'
2025-05-05T18:23:31.289-04:00 DEBUG 62669 --- [week3] [           main] o.s.b.f.s.DefaultListableBeanFactory     : Autowiring by type from bean name 'dataSource' via factory method to bean named 'spring.datasource-org.springframework.boot.autoconfigure.jdbc.DataSourceProperties'
2025-05-05T18:23:31.289-04:00 DEBUG 62669 --- [week3] [           main] o.s.b.f.s.DefaultListableBeanFactory     : Autowiring by type from bean name 'dataSource' via factory method to bean named 'jdbcConnectionDetails'
2025-05-05T18:23:31.291-04:00 DEBUG 62669 --- [week3] [           main] com.zaxxer.hikari.HikariConfig           : Driver class oracle.jdbc.driver.OracleDriver found in Thread context class loader jdk.internal.loader.ClassLoaders$AppClassLoader@18ff02e4
2025-05-05T18:23:31.390-04:00 DEBUG 62669 --- [week3] [           main] o.s.b.f.s.DefaultListableBeanFactory     : Creating shared instance of singleton bean 'spring.jpa-org.springframework.boot.autoconfigure.orm.jpa.JpaProperties'
2025-05-05T18:23:31.392-04:00 DEBUG 62669 --- [week3] [           main] o.s.b.f.s.DefaultListableBeanFactory     : Creating shared instance of singleton bean 'spring.jpa.hibernate-org.springframework.boot.autoconfigure.orm.jpa.HibernateProperties'
2025-05-05T18:23:31.393-04:00 DEBUG 62669 --- [week3] [           main] o.s.b.f.s.DefaultListableBeanFactory     : Autowiring by type from bean name 'org.springframework.boot.autoconfigure.orm.jpa.HibernateJpaConfiguration' via constructor to bean named 'dataSource'
2025-05-05T18:23:31.393-04:00 DEBUG 62669 --- [week3] [           main] o.s.b.f.s.DefaultListableBeanFactory     : Autowiring by type from bean name 'org.springframework.boot.autoconfigure.orm.jpa.HibernateJpaConfiguration' via constructor to bean named 'spring.jpa-org.springframework.boot.autoconfigure.orm.jpa.JpaProperties'
2025-05-05T18:23:31.393-04:00 DEBUG 62669 --- [week3] [           main] o.s.b.f.s.DefaultListableBeanFactory     : Autowiring by type from bean name 'org.springframework.boot.autoconfigure.orm.jpa.HibernateJpaConfiguration' via constructor to bean named 'org.springframework.beans.factory.support.DefaultListableBeanFactory@67ec8477'
2025-05-05T18:23:31.393-04:00 DEBUG 62669 --- [week3] [           main] o.s.b.f.s.DefaultListableBeanFactory     : Autowiring by type from bean name 'org.springframework.boot.autoconfigure.orm.jpa.HibernateJpaConfiguration' via constructor to bean named 'spring.jpa.hibernate-org.springframework.boot.autoconfigure.orm.jpa.HibernateProperties'
2025-05-05T18:23:31.395-04:00 DEBUG 62669 --- [week3] [           main] o.s.b.f.s.DefaultListableBeanFactory     : Creating shared instance of singleton bean 'hikariPoolDataSourceMetadataProvider'
2025-05-05T18:23:31.395-04:00 DEBUG 62669 --- [week3] [           main] o.s.b.f.s.DefaultListableBeanFactory     : Creating shared instance of singleton bean 'org.springframework.boot.autoconfigure.jdbc.metadata.DataSourcePoolMetadataProvidersConfiguration$HikariPoolDataSourceMetadataProviderConfiguration'
2025-05-05T18:23:31.398-04:00 DEBUG 62669 --- [week3] [           main] o.s.b.f.s.DefaultListableBeanFactory     : Creating shared instance of singleton bean 'entityManagerFactoryBuilder'
2025-05-05T18:23:31.399-04:00 DEBUG 62669 --- [week3] [           main] o.s.b.f.s.DefaultListableBeanFactory     : Creating shared instance of singleton bean 'jpaVendorAdapter'
2025-05-05T18:23:31.404-04:00 DEBUG 62669 --- [week3] [           main] o.s.b.f.s.DefaultListableBeanFactory     : Autowiring by type from bean name 'entityManagerFactoryBuilder' via factory method to bean named 'jpaVendorAdapter'
2025-05-05T18:23:31.407-04:00 DEBUG 62669 --- [week3] [           main] o.s.b.f.s.DefaultListableBeanFactory     : Creating shared instance of singleton bean 'persistenceManagedTypes'
2025-05-05T18:23:31.408-04:00 DEBUG 62669 --- [week3] [           main] o.s.b.f.s.DefaultListableBeanFactory     : Autowiring by type from bean name 'persistenceManagedTypes' via factory method to bean named 'org.springframework.beans.factory.support.DefaultListableBeanFactory@67ec8477'
2025-05-05T18:23:31.408-04:00 DEBUG 62669 --- [week3] [           main] o.s.b.f.s.DefaultListableBeanFactory     : Autowiring by type from bean name 'persistenceManagedTypes' via factory method to bean named 'org.springframework.context.annotation.AnnotationConfigApplicationContext@1e7f2e0f'
2025-05-05T18:23:31.413-04:00 DEBUG 62669 --- [week3] [           main] o.s.b.f.s.DefaultListableBeanFactory     : Autowiring by type from bean name 'entityManagerFactory' via factory method to bean named 'entityManagerFactoryBuilder'
2025-05-05T18:23:31.414-04:00 DEBUG 62669 --- [week3] [           main] o.s.b.f.s.DefaultListableBeanFactory     : Autowiring by type from bean name 'entityManagerFactory' via factory method to bean named 'persistenceManagedTypes'
2025-05-05T18:23:31.423-04:00 DEBUG 62669 --- [week3] [           main] j.LocalContainerEntityManagerFactoryBean : Building JPA container EntityManagerFactory for persistence unit 'default'
2025-05-05T18:23:31.435-04:00 DEBUG 62669 --- [week3] [           main] o.hibernate.jpa.internal.util.LogHelper  : PersistenceUnitInfo [
	name: default
	persistence provider classname: null
	classloader: jdk.internal.loader.ClassLoaders$AppClassLoader@18ff02e4
	excludeUnlistedClasses: true
	JTA datasource: null
	Non JTA datasource: HikariDataSource (null)
	Transaction type: RESOURCE_LOCAL
	PU root URL: file:/Users/x0dsanta/Developer/Duoc/Fullstack_1/Week_3/week3/target/test-classes/
	Shared Cache Mode: UNSPECIFIED
	Validation Mode: AUTO
	Jar files URLs []
	Managed classes names [
		com.duoc.week3.model.Pet
		com.duoc.week3.model.Role
		com.duoc.week3.model.User]
	Mapping files names []
	Properties []
2025-05-05T18:23:31.438-04:00 DEBUG 62669 --- [week3] [           main] o.h.i.internal.IntegratorServiceImpl     : Adding Integrator [org.hibernate.boot.beanvalidation.BeanValidationIntegrator].
2025-05-05T18:23:31.439-04:00 DEBUG 62669 --- [week3] [           main] o.h.i.internal.IntegratorServiceImpl     : Adding Integrator [org.hibernate.cache.internal.CollectionCacheInvalidator].
2025-05-05T18:23:31.465-04:00  INFO 62669 --- [week3] [           main] org.hibernate.Version                    : HHH000412: Hibernate ORM core version 6.6.11.Final
2025-05-05T18:23:31.466-04:00 DEBUG 62669 --- [week3] [           main] org.hibernate.cfg.Environment            : HHH000206: 'hibernate.properties' not found
2025-05-05T18:23:31.477-04:00 DEBUG 62669 --- [week3] [           main] org.hibernate.orm.idgen.factory          : Registering IdentifierGenerator strategy [uuid2] -> [org.hibernate.id.UUIDGenerator]
2025-05-05T18:23:31.477-04:00 DEBUG 62669 --- [week3] [           main] org.hibernate.orm.idgen.factory          : Registering IdentifierGenerator strategy [guid] -> [org.hibernate.id.GUIDGenerator]
2025-05-05T18:23:31.477-04:00 DEBUG 62669 --- [week3] [           main] org.hibernate.orm.idgen.factory          : Registering IdentifierGenerator strategy [uuid] -> [org.hibernate.id.UUIDHexGenerator]
2025-05-05T18:23:31.478-04:00 DEBUG 62669 --- [week3] [           main] org.hibernate.orm.idgen.factory          : Registering IdentifierGenerator strategy [uuid.hex] -> [org.hibernate.id.UUIDHexGenerator]
2025-05-05T18:23:31.478-04:00 DEBUG 62669 --- [week3] [           main] org.hibernate.orm.idgen.factory          : Registering IdentifierGenerator strategy [assigned] -> [org.hibernate.id.Assigned]
2025-05-05T18:23:31.478-04:00 DEBUG 62669 --- [week3] [           main] org.hibernate.orm.idgen.factory          : Registering IdentifierGenerator strategy [identity] -> [org.hibernate.id.IdentityGenerator]
2025-05-05T18:23:31.479-04:00 DEBUG 62669 --- [week3] [           main] org.hibernate.orm.idgen.factory          : Registering IdentifierGenerator strategy [select] -> [org.hibernate.id.SelectGenerator]
2025-05-05T18:23:31.479-04:00 DEBUG 62669 --- [week3] [           main] org.hibernate.orm.idgen.factory          : Registering IdentifierGenerator strategy [sequence] -> [org.hibernate.id.enhanced.SequenceStyleGenerator]
2025-05-05T18:23:31.480-04:00 DEBUG 62669 --- [week3] [           main] org.hibernate.orm.idgen.factory          : Registering IdentifierGenerator strategy [increment] -> [org.hibernate.id.IncrementGenerator]
2025-05-05T18:23:31.480-04:00 DEBUG 62669 --- [week3] [           main] org.hibernate.orm.idgen.factory          : Registering IdentifierGenerator strategy [foreign] -> [org.hibernate.id.ForeignGenerator]
2025-05-05T18:23:31.480-04:00 DEBUG 62669 --- [week3] [           main] org.hibernate.orm.idgen.factory          : Registering IdentifierGenerator strategy [enhanced-sequence] -> [org.hibernate.id.enhanced.SequenceStyleGenerator]
2025-05-05T18:23:31.480-04:00 DEBUG 62669 --- [week3] [           main] org.hibernate.orm.idgen.factory          : Registering IdentifierGenerator strategy [enhanced-table] -> [org.hibernate.id.enhanced.TableGenerator]
2025-05-05T18:23:31.484-04:00 DEBUG 62669 --- [week3] [           main] o.h.c.internal.RegionFactoryInitiator    : Cannot default RegionFactory based on registered strategies as `[]` RegionFactory strategies were registered
2025-05-05T18:23:31.485-04:00  INFO 62669 --- [week3] [           main] o.h.c.internal.RegionFactoryInitiator    : HHH000026: Second-level cache disabled
2025-05-05T18:23:31.524-04:00 DEBUG 62669 --- [week3] [           main] org.hibernate.type.BasicTypeRegistry     : Adding type registration boolean -> org.hibernate.type.BasicTypeReference@22dc59b2
2025-05-05T18:23:31.525-04:00 DEBUG 62669 --- [week3] [           main] org.hibernate.type.BasicTypeRegistry     : Adding type registration boolean -> org.hibernate.type.BasicTypeReference@22dc59b2
2025-05-05T18:23:31.525-04:00 DEBUG 62669 --- [week3] [           main] org.hibernate.type.BasicTypeRegistry     : Adding type registration java.lang.Boolean -> org.hibernate.type.BasicTypeReference@22dc59b2
2025-05-05T18:23:31.525-04:00 DEBUG 62669 --- [week3] [           main] org.hibernate.type.BasicTypeRegistry     : Adding type registration numeric_boolean -> org.hibernate.type.BasicTypeReference@33e434c8
2025-05-05T18:23:31.525-04:00 DEBUG 62669 --- [week3] [           main] org.hibernate.type.BasicTypeRegistry     : Adding type registration org.hibernate.type.NumericBooleanConverter -> org.hibernate.type.BasicTypeReference@33e434c8
2025-05-05T18:23:31.525-04:00 DEBUG 62669 --- [week3] [           main] org.hibernate.type.BasicTypeRegistry     : Adding type registration true_false -> org.hibernate.type.BasicTypeReference@546394ed
2025-05-05T18:23:31.525-04:00 DEBUG 62669 --- [week3] [           main] org.hibernate.type.BasicTypeRegistry     : Adding type registration org.hibernate.type.TrueFalseConverter -> org.hibernate.type.BasicTypeReference@546394ed
2025-05-05T18:23:31.525-04:00 DEBUG 62669 --- [week3] [           main] org.hibernate.type.BasicTypeRegistry     : Adding type registration yes_no -> org.hibernate.type.BasicTypeReference@664212ab
2025-05-05T18:23:31.525-04:00 DEBUG 62669 --- [week3] [           main] org.hibernate.type.BasicTypeRegistry     : Adding type registration org.hibernate.type.YesNoConverter -> org.hibernate.type.BasicTypeReference@664212ab
2025-05-05T18:23:31.525-04:00 DEBUG 62669 --- [week3] [           main] org.hibernate.type.BasicTypeRegistry     : Adding type registration byte -> org.hibernate.type.BasicTypeReference@2693c618
2025-05-05T18:23:31.525-04:00 DEBUG 62669 --- [week3] [           main] org.hibernate.type.BasicTypeRegistry     : Adding type registration byte -> org.hibernate.type.BasicTypeReference@2693c618
2025-05-05T18:23:31.525-04:00 DEBUG 62669 --- [week3] [           main] org.hibernate.type.BasicTypeRegistry     : Adding type registration java.lang.Byte -> org.hibernate.type.BasicTypeReference@2693c618
2025-05-05T18:23:31.525-04:00 DEBUG 62669 --- [week3] [           main] org.hibernate.type.BasicTypeRegistry     : Adding type registration binary -> org.hibernate.type.BasicTypeReference@3443e476
2025-05-05T18:23:31.525-04:00 DEBUG 62669 --- [week3] [           main] org.hibernate.type.BasicTypeRegistry     : Adding type registration byte[] -> org.hibernate.type.BasicTypeReference@3443e476
2025-05-05T18:23:31.525-04:00 DEBUG 62669 --- [week3] [           main] org.hibernate.type.BasicTypeRegistry     : Adding type registration [B -> org.hibernate.type.BasicTypeReference@3443e476
2025-05-05T18:23:31.525-04:00 DEBUG 62669 --- [week3] [           main] org.hibernate.type.BasicTypeRegistry     : Adding type registration binary_wrapper -> org.hibernate.type.BasicTypeReference@7ccfdaef
2025-05-05T18:23:31.525-04:00 DEBUG 62669 --- [week3] [           main] org.hibernate.type.BasicTypeRegistry     : Adding type registration wrapper-binary -> org.hibernate.type.BasicTypeReference@7ccfdaef
2025-05-05T18:23:31.525-04:00 DEBUG 62669 --- [week3] [           main] org.hibernate.type.BasicTypeRegistry     : Adding type registration image -> org.hibernate.type.BasicTypeReference@a6e4897
2025-05-05T18:23:31.525-04:00 DEBUG 62669 --- [week3] [           main] org.hibernate.type.BasicTypeRegistry     : Adding type registration blob -> org.hibernate.type.BasicTypeReference@32f5ecc4
2025-05-05T18:23:31.525-04:00 DEBUG 62669 --- [week3] [           main] org.hibernate.type.BasicTypeRegistry     : Adding type registration java.sql.Blob -> org.hibernate.type.BasicTypeReference@32f5ecc4
2025-05-05T18:23:31.525-04:00 DEBUG 62669 --- [week3] [           main] org.hibernate.type.BasicTypeRegistry     : Adding type registration materialized_blob -> org.hibernate.type.BasicTypeReference@19bedeb8
2025-05-05T18:23:31.525-04:00 DEBUG 62669 --- [week3] [           main] org.hibernate.type.BasicTypeRegistry     : Adding type registration materialized_blob_wrapper -> org.hibernate.type.BasicTypeReference@1ba467c2
2025-05-05T18:23:31.525-04:00 DEBUG 62669 --- [week3] [           main] org.hibernate.type.BasicTypeRegistry     : Adding type registration short -> org.hibernate.type.BasicTypeReference@63f6bed1
2025-05-05T18:23:31.526-04:00 DEBUG 62669 --- [week3] [           main] org.hibernate.type.BasicTypeRegistry     : Adding type registration short -> org.hibernate.type.BasicTypeReference@63f6bed1
2025-05-05T18:23:31.526-04:00 DEBUG 62669 --- [week3] [           main] org.hibernate.type.BasicTypeRegistry     : Adding type registration java.lang.Short -> org.hibernate.type.BasicTypeReference@63f6bed1
2025-05-05T18:23:31.526-04:00 DEBUG 62669 --- [week3] [           main] org.hibernate.type.BasicTypeRegistry     : Adding type registration integer -> org.hibernate.type.BasicTypeReference@7ef8eda7
2025-05-05T18:23:31.526-04:00 DEBUG 62669 --- [week3] [           main] org.hibernate.type.BasicTypeRegistry     : Adding type registration int -> org.hibernate.type.BasicTypeReference@7ef8eda7
2025-05-05T18:23:31.526-04:00 DEBUG 62669 --- [week3] [           main] org.hibernate.type.BasicTypeRegistry     : Adding type registration java.lang.Integer -> org.hibernate.type.BasicTypeReference@7ef8eda7
2025-05-05T18:23:31.526-04:00 DEBUG 62669 --- [week3] [           main] org.hibernate.type.BasicTypeRegistry     : Adding type registration long -> org.hibernate.type.BasicTypeReference@115ca7de
2025-05-05T18:23:31.526-04:00 DEBUG 62669 --- [week3] [           main] org.hibernate.type.BasicTypeRegistry     : Adding type registration long -> org.hibernate.type.BasicTypeReference@115ca7de
2025-05-05T18:23:31.526-04:00 DEBUG 62669 --- [week3] [           main] org.hibernate.type.BasicTypeRegistry     : Adding type registration java.lang.Long -> org.hibernate.type.BasicTypeReference@115ca7de
2025-05-05T18:23:31.526-04:00 DEBUG 62669 --- [week3] [           main] org.hibernate.type.BasicTypeRegistry     : Adding type registration float -> org.hibernate.type.BasicTypeReference@29fe4840
2025-05-05T18:23:31.526-04:00 DEBUG 62669 --- [week3] [           main] org.hibernate.type.BasicTypeRegistry     : Adding type registration float -> org.hibernate.type.BasicTypeReference@29fe4840
2025-05-05T18:23:31.526-04:00 DEBUG 62669 --- [week3] [           main] org.hibernate.type.BasicTypeRegistry     : Adding type registration java.lang.Float -> org.hibernate.type.BasicTypeReference@29fe4840
2025-05-05T18:23:31.526-04:00 DEBUG 62669 --- [week3] [           main] org.hibernate.type.BasicTypeRegistry     : Adding type registration double -> org.hibernate.type.BasicTypeReference@7f287b98
2025-05-05T18:23:31.526-04:00 DEBUG 62669 --- [week3] [           main] org.hibernate.type.BasicTypeRegistry     : Adding type registration double -> org.hibernate.type.BasicTypeReference@7f287b98
2025-05-05T18:23:31.526-04:00 DEBUG 62669 --- [week3] [           main] org.hibernate.type.BasicTypeRegistry     : Adding type registration java.lang.Double -> org.hibernate.type.BasicTypeReference@7f287b98
2025-05-05T18:23:31.526-04:00 DEBUG 62669 --- [week3] [           main] org.hibernate.type.BasicTypeRegistry     : Adding type registration big_integer -> org.hibernate.type.BasicTypeReference@4684240f
2025-05-05T18:23:31.526-04:00 DEBUG 62669 --- [week3] [           main] org.hibernate.type.BasicTypeRegistry     : Adding type registration java.math.BigInteger -> org.hibernate.type.BasicTypeReference@4684240f
2025-05-05T18:23:31.526-04:00 DEBUG 62669 --- [week3] [           main] org.hibernate.type.BasicTypeRegistry     : Adding type registration big_decimal -> org.hibernate.type.BasicTypeReference@32120956
2025-05-05T18:23:31.526-04:00 DEBUG 62669 --- [week3] [           main] org.hibernate.type.BasicTypeRegistry     : Adding type registration java.math.BigDecimal -> org.hibernate.type.BasicTypeReference@32120956
2025-05-05T18:23:31.526-04:00 DEBUG 62669 --- [week3] [           main] org.hibernate.type.BasicTypeRegistry     : Adding type registration character -> org.hibernate.type.BasicTypeReference@6975fb1c
2025-05-05T18:23:31.526-04:00 DEBUG 62669 --- [week3] [           main] org.hibernate.type.BasicTypeRegistry     : Adding type registration char -> org.hibernate.type.BasicTypeReference@6975fb1c
2025-05-05T18:23:31.526-04:00 DEBUG 62669 --- [week3] [           main] org.hibernate.type.BasicTypeRegistry     : Adding type registration java.lang.Character -> org.hibernate.type.BasicTypeReference@6975fb1c
2025-05-05T18:23:31.526-04:00 DEBUG 62669 --- [week3] [           main] org.hibernate.type.BasicTypeRegistry     : Adding type registration character_nchar -> org.hibernate.type.BasicTypeReference@553da911
2025-05-05T18:23:31.526-04:00 DEBUG 62669 --- [week3] [           main] org.hibernate.type.BasicTypeRegistry     : Adding type registration string -> org.hibernate.type.BasicTypeReference@327e5be5
2025-05-05T18:23:31.526-04:00 DEBUG 62669 --- [week3] [           main] org.hibernate.type.BasicTypeRegistry     : Adding type registration java.lang.String -> org.hibernate.type.BasicTypeReference@327e5be5
2025-05-05T18:23:31.526-04:00 DEBUG 62669 --- [week3] [           main] org.hibernate.type.BasicTypeRegistry     : Adding type registration nstring -> org.hibernate.type.BasicTypeReference@1084ac45
2025-05-05T18:23:31.526-04:00 DEBUG 62669 --- [week3] [           main] org.hibernate.type.BasicTypeRegistry     : Adding type registration characters -> org.hibernate.type.BasicTypeReference@566f1852
2025-05-05T18:23:31.526-04:00 DEBUG 62669 --- [week3] [           main] org.hibernate.type.BasicTypeRegistry     : Adding type registration char[] -> org.hibernate.type.BasicTypeReference@566f1852
2025-05-05T18:23:31.526-04:00 DEBUG 62669 --- [week3] [           main] org.hibernate.type.BasicTypeRegistry     : Adding type registration [C -> org.hibernate.type.BasicTypeReference@566f1852
2025-05-05T18:23:31.526-04:00 DEBUG 62669 --- [week3] [           main] org.hibernate.type.BasicTypeRegistry     : Adding type registration wrapper-characters -> org.hibernate.type.BasicTypeReference@6ea246af
2025-05-05T18:23:31.527-04:00 DEBUG 62669 --- [week3] [           main] org.hibernate.type.BasicTypeRegistry     : Adding type registration text -> org.hibernate.type.BasicTypeReference@2e4389ed
2025-05-05T18:23:31.527-04:00 DEBUG 62669 --- [week3] [           main] org.hibernate.type.BasicTypeRegistry     : Adding type registration ntext -> org.hibernate.type.BasicTypeReference@1b90fee4
2025-05-05T18:23:31.527-04:00 DEBUG 62669 --- [week3] [           main] org.hibernate.type.BasicTypeRegistry     : Adding type registration clob -> org.hibernate.type.BasicTypeReference@3513c84c
2025-05-05T18:23:31.527-04:00 DEBUG 62669 --- [week3] [           main] org.hibernate.type.BasicTypeRegistry     : Adding type registration java.sql.Clob -> org.hibernate.type.BasicTypeReference@3513c84c
2025-05-05T18:23:31.527-04:00 DEBUG 62669 --- [week3] [           main] org.hibernate.type.BasicTypeRegistry     : Adding type registration nclob -> org.hibernate.type.BasicTypeReference@4978777f
2025-05-05T18:23:31.527-04:00 DEBUG 62669 --- [week3] [           main] org.hibernate.type.BasicTypeRegistry     : Adding type registration java.sql.NClob -> org.hibernate.type.BasicTypeReference@4978777f
2025-05-05T18:23:31.527-04:00 DEBUG 62669 --- [week3] [           main] org.hibernate.type.BasicTypeRegistry     : Adding type registration materialized_clob -> org.hibernate.type.BasicTypeReference@7bc6935c
2025-05-05T18:23:31.527-04:00 DEBUG 62669 --- [week3] [           main] org.hibernate.type.BasicTypeRegistry     : Adding type registration materialized_clob_char_array -> org.hibernate.type.BasicTypeReference@67bd351e
2025-05-05T18:23:31.527-04:00 DEBUG 62669 --- [week3] [           main] org.hibernate.type.BasicTypeRegistry     : Adding type registration materialized_clob_character_array -> org.hibernate.type.BasicTypeReference@4cc7d00d
2025-05-05T18:23:31.527-04:00 DEBUG 62669 --- [week3] [           main] org.hibernate.type.BasicTypeRegistry     : Adding type registration materialized_nclob -> org.hibernate.type.BasicTypeReference@468e8565
2025-05-05T18:23:31.527-04:00 DEBUG 62669 --- [week3] [           main] org.hibernate.type.BasicTypeRegistry     : Adding type registration materialized_nclob_character_array -> org.hibernate.type.BasicTypeReference@91da29b
2025-05-05T18:23:31.527-04:00 DEBUG 62669 --- [week3] [           main] org.hibernate.type.BasicTypeRegistry     : Adding type registration materialized_nclob_char_array -> org.hibernate.type.BasicTypeReference@7066363
2025-05-05T18:23:31.527-04:00 DEBUG 62669 --- [week3] [           main] org.hibernate.type.BasicTypeRegistry     : Adding type registration Duration -> org.hibernate.type.BasicTypeReference@75b38c36
2025-05-05T18:23:31.527-04:00 DEBUG 62669 --- [week3] [           main] org.hibernate.type.BasicTypeRegistry     : Adding type registration java.time.Duration -> org.hibernate.type.BasicTypeReference@75b38c36
2025-05-05T18:23:31.527-04:00 DEBUG 62669 --- [week3] [           main] org.hibernate.type.BasicTypeRegistry     : Adding type registration LocalDateTime -> org.hibernate.type.BasicTypeReference@47248a48
2025-05-05T18:23:31.527-04:00 DEBUG 62669 --- [week3] [           main] org.hibernate.type.BasicTypeRegistry     : Adding type registration java.time.LocalDateTime -> org.hibernate.type.BasicTypeReference@47248a48
2025-05-05T18:23:31.527-04:00 DEBUG 62669 --- [week3] [           main] org.hibernate.type.BasicTypeRegistry     : Adding type registration LocalDate -> org.hibernate.type.BasicTypeReference@2349f14d
2025-05-05T18:23:31.527-04:00 DEBUG 62669 --- [week3] [           main] org.hibernate.type.BasicTypeRegistry     : Adding type registration java.time.LocalDate -> org.hibernate.type.BasicTypeReference@2349f14d
2025-05-05T18:23:31.527-04:00 DEBUG 62669 --- [week3] [           main] org.hibernate.type.BasicTypeRegistry     : Adding type registration LocalTime -> org.hibernate.type.BasicTypeReference@17e0933c
2025-05-05T18:23:31.527-04:00 DEBUG 62669 --- [week3] [           main] org.hibernate.type.BasicTypeRegistry     : Adding type registration java.time.LocalTime -> org.hibernate.type.BasicTypeReference@17e0933c
2025-05-05T18:23:31.527-04:00 DEBUG 62669 --- [week3] [           main] org.hibernate.type.BasicTypeRegistry     : Adding type registration OffsetDateTime -> org.hibernate.type.BasicTypeReference@7edb6fca
2025-05-05T18:23:31.527-04:00 DEBUG 62669 --- [week3] [           main] org.hibernate.type.BasicTypeRegistry     : Adding type registration java.time.OffsetDateTime -> org.hibernate.type.BasicTypeReference@7edb6fca
2025-05-05T18:23:31.527-04:00 DEBUG 62669 --- [week3] [           main] org.hibernate.type.BasicTypeRegistry     : Adding type registration OffsetDateTimeWithTimezone -> org.hibernate.type.BasicTypeReference@1dcedc93
2025-05-05T18:23:31.527-04:00 DEBUG 62669 --- [week3] [           main] org.hibernate.type.BasicTypeRegistry     : Adding type registration OffsetDateTimeWithoutTimezone -> org.hibernate.type.BasicTypeReference@716185fe
2025-05-05T18:23:31.527-04:00 DEBUG 62669 --- [week3] [           main] org.hibernate.type.BasicTypeRegistry     : Adding type registration OffsetTime -> org.hibernate.type.BasicTypeReference@628b819d
2025-05-05T18:23:31.527-04:00 DEBUG 62669 --- [week3] [           main] org.hibernate.type.BasicTypeRegistry     : Adding type registration java.time.OffsetTime -> org.hibernate.type.BasicTypeReference@628b819d
2025-05-05T18:23:31.527-04:00 DEBUG 62669 --- [week3] [           main] org.hibernate.type.BasicTypeRegistry     : Adding type registration OffsetTimeUtc -> org.hibernate.type.BasicTypeReference@478b0739
2025-05-05T18:23:31.527-04:00 DEBUG 62669 --- [week3] [           main] org.hibernate.type.BasicTypeRegistry     : Adding type registration OffsetTimeWithTimezone -> org.hibernate.type.BasicTypeReference@2cca611f
2025-05-05T18:23:31.527-04:00 DEBUG 62669 --- [week3] [           main] org.hibernate.type.BasicTypeRegistry     : Adding type registration OffsetTimeWithoutTimezone -> org.hibernate.type.BasicTypeReference@51f95f0d
2025-05-05T18:23:31.527-04:00 DEBUG 62669 --- [week3] [           main] org.hibernate.type.BasicTypeRegistry     : Adding type registration ZonedDateTime -> org.hibernate.type.BasicTypeReference@6fc0bbc6
2025-05-05T18:23:31.528-04:00 DEBUG 62669 --- [week3] [           main] org.hibernate.type.BasicTypeRegistry     : Adding type registration java.time.ZonedDateTime -> org.hibernate.type.BasicTypeReference@6fc0bbc6
2025-05-05T18:23:31.528-04:00 DEBUG 62669 --- [week3] [           main] org.hibernate.type.BasicTypeRegistry     : Adding type registration ZonedDateTimeWithTimezone -> org.hibernate.type.BasicTypeReference@706ddbc8
2025-05-05T18:23:31.528-04:00 DEBUG 62669 --- [week3] [           main] org.hibernate.type.BasicTypeRegistry     : Adding type registration ZonedDateTimeWithoutTimezone -> org.hibernate.type.BasicTypeReference@fd09e43
2025-05-05T18:23:31.528-04:00 DEBUG 62669 --- [week3] [           main] org.hibernate.type.BasicTypeRegistry     : Adding type registration date -> org.hibernate.type.BasicTypeReference@144ab983
2025-05-05T18:23:31.528-04:00 DEBUG 62669 --- [week3] [           main] org.hibernate.type.BasicTypeRegistry     : Adding type registration java.sql.Date -> org.hibernate.type.BasicTypeReference@144ab983
2025-05-05T18:23:31.528-04:00 DEBUG 62669 --- [week3] [           main] org.hibernate.type.BasicTypeRegistry     : Adding type registration time -> org.hibernate.type.BasicTypeReference@7ebe2e47
2025-05-05T18:23:31.528-04:00 DEBUG 62669 --- [week3] [           main] org.hibernate.type.BasicTypeRegistry     : Adding type registration java.sql.Time -> org.hibernate.type.BasicTypeReference@7ebe2e47
2025-05-05T18:23:31.528-04:00 DEBUG 62669 --- [week3] [           main] org.hibernate.type.BasicTypeRegistry     : Adding type registration timestamp -> org.hibernate.type.BasicTypeReference@609319c3
2025-05-05T18:23:31.528-04:00 DEBUG 62669 --- [week3] [           main] org.hibernate.type.BasicTypeRegistry     : Adding type registration java.sql.Timestamp -> org.hibernate.type.BasicTypeReference@609319c3
2025-05-05T18:23:31.528-04:00 DEBUG 62669 --- [week3] [           main] org.hibernate.type.BasicTypeRegistry     : Adding type registration java.util.Date -> org.hibernate.type.BasicTypeReference@609319c3
2025-05-05T18:23:31.528-04:00 DEBUG 62669 --- [week3] [           main] org.hibernate.type.BasicTypeRegistry     : Adding type registration calendar -> org.hibernate.type.BasicTypeReference@6bbab114
2025-05-05T18:23:31.528-04:00 DEBUG 62669 --- [week3] [           main] org.hibernate.type.BasicTypeRegistry     : Adding type registration java.util.Calendar -> org.hibernate.type.BasicTypeReference@6bbab114
2025-05-05T18:23:31.528-04:00 DEBUG 62669 --- [week3] [           main] org.hibernate.type.BasicTypeRegistry     : Adding type registration java.util.GregorianCalendar -> org.hibernate.type.BasicTypeReference@6bbab114
2025-05-05T18:23:31.528-04:00 DEBUG 62669 --- [week3] [           main] org.hibernate.type.BasicTypeRegistry     : Adding type registration calendar_date -> org.hibernate.type.BasicTypeReference@25be445f
2025-05-05T18:23:31.528-04:00 DEBUG 62669 --- [week3] [           main] org.hibernate.type.BasicTypeRegistry     : Adding type registration calendar_time -> org.hibernate.type.BasicTypeReference@5d1b1c2a
2025-05-05T18:23:31.528-04:00 DEBUG 62669 --- [week3] [           main] org.hibernate.type.BasicTypeRegistry     : Adding type registration instant -> org.hibernate.type.BasicTypeReference@6397248c
2025-05-05T18:23:31.528-04:00 DEBUG 62669 --- [week3] [           main] org.hibernate.type.BasicTypeRegistry     : Adding type registration java.time.Instant -> org.hibernate.type.BasicTypeReference@6397248c
2025-05-05T18:23:31.528-04:00 DEBUG 62669 --- [week3] [           main] org.hibernate.type.BasicTypeRegistry     : Adding type registration uuid -> org.hibernate.type.BasicTypeReference@25f61c2c
2025-05-05T18:23:31.528-04:00 DEBUG 62669 --- [week3] [           main] org.hibernate.type.BasicTypeRegistry     : Adding type registration java.util.UUID -> org.hibernate.type.BasicTypeReference@25f61c2c
2025-05-05T18:23:31.529-04:00 DEBUG 62669 --- [week3] [           main] org.hibernate.type.BasicTypeRegistry     : Adding type registration pg-uuid -> org.hibernate.type.BasicTypeReference@25f61c2c
2025-05-05T18:23:31.529-04:00 DEBUG 62669 --- [week3] [           main] org.hibernate.type.BasicTypeRegistry     : Adding type registration uuid-binary -> org.hibernate.type.BasicTypeReference@72bd2871
2025-05-05T18:23:31.529-04:00 DEBUG 62669 --- [week3] [           main] org.hibernate.type.BasicTypeRegistry     : Adding type registration uuid-char -> org.hibernate.type.BasicTypeReference@77429040
2025-05-05T18:23:31.529-04:00 DEBUG 62669 --- [week3] [           main] org.hibernate.type.BasicTypeRegistry     : Adding type registration class -> org.hibernate.type.BasicTypeReference@2d2b6960
2025-05-05T18:23:31.529-04:00 DEBUG 62669 --- [week3] [           main] org.hibernate.type.BasicTypeRegistry     : Adding type registration java.lang.Class -> org.hibernate.type.BasicTypeReference@2d2b6960
2025-05-05T18:23:31.529-04:00 DEBUG 62669 --- [week3] [           main] org.hibernate.type.BasicTypeRegistry     : Adding type registration currency -> org.hibernate.type.BasicTypeReference@38291795
2025-05-05T18:23:31.529-04:00 DEBUG 62669 --- [week3] [           main] org.hibernate.type.BasicTypeRegistry     : Adding type registration Currency -> org.hibernate.type.BasicTypeReference@38291795
2025-05-05T18:23:31.529-04:00 DEBUG 62669 --- [week3] [           main] org.hibernate.type.BasicTypeRegistry     : Adding type registration java.util.Currency -> org.hibernate.type.BasicTypeReference@38291795
2025-05-05T18:23:31.529-04:00 DEBUG 62669 --- [week3] [           main] org.hibernate.type.BasicTypeRegistry     : Adding type registration locale -> org.hibernate.type.BasicTypeReference@234c5e41
2025-05-05T18:23:31.529-04:00 DEBUG 62669 --- [week3] [           main] org.hibernate.type.BasicTypeRegistry     : Adding type registration java.util.Locale -> org.hibernate.type.BasicTypeReference@234c5e41
2025-05-05T18:23:31.529-04:00 DEBUG 62669 --- [week3] [           main] org.hibernate.type.BasicTypeRegistry     : Adding type registration serializable -> org.hibernate.type.BasicTypeReference@40ef0af8
2025-05-05T18:23:31.529-04:00 DEBUG 62669 --- [week3] [           main] org.hibernate.type.BasicTypeRegistry     : Adding type registration java.io.Serializable -> org.hibernate.type.BasicTypeReference@40ef0af8
2025-05-05T18:23:31.529-04:00 DEBUG 62669 --- [week3] [           main] org.hibernate.type.BasicTypeRegistry     : Adding type registration timezone -> org.hibernate.type.BasicTypeReference@36790bec
2025-05-05T18:23:31.529-04:00 DEBUG 62669 --- [week3] [           main] org.hibernate.type.BasicTypeRegistry     : Adding type registration java.util.TimeZone -> org.hibernate.type.BasicTypeReference@36790bec
2025-05-05T18:23:31.529-04:00 DEBUG 62669 --- [week3] [           main] org.hibernate.type.BasicTypeRegistry     : Adding type registration ZoneOffset -> org.hibernate.type.BasicTypeReference@461c3709
2025-05-05T18:23:31.529-04:00 DEBUG 62669 --- [week3] [           main] org.hibernate.type.BasicTypeRegistry     : Adding type registration java.time.ZoneOffset -> org.hibernate.type.BasicTypeReference@461c3709
2025-05-05T18:23:31.529-04:00 DEBUG 62669 --- [week3] [           main] org.hibernate.type.BasicTypeRegistry     : Adding type registration url -> org.hibernate.type.BasicTypeReference@7e3d7dd
2025-05-05T18:23:31.529-04:00 DEBUG 62669 --- [week3] [           main] org.hibernate.type.BasicTypeRegistry     : Adding type registration java.net.URL -> org.hibernate.type.BasicTypeReference@7e3d7dd
2025-05-05T18:23:31.529-04:00 DEBUG 62669 --- [week3] [           main] org.hibernate.type.BasicTypeRegistry     : Adding type registration vector -> org.hibernate.type.BasicTypeReference@3f63a513
2025-05-05T18:23:31.529-04:00 DEBUG 62669 --- [week3] [           main] org.hibernate.type.BasicTypeRegistry     : Adding type registration float_vector -> org.hibernate.type.BasicTypeReference@413bef78
2025-05-05T18:23:31.529-04:00 DEBUG 62669 --- [week3] [           main] org.hibernate.type.BasicTypeRegistry     : Adding type registration double_vector -> org.hibernate.type.BasicTypeReference@66383c29
2025-05-05T18:23:31.529-04:00 DEBUG 62669 --- [week3] [           main] org.hibernate.type.BasicTypeRegistry     : Adding type registration byte_vector -> org.hibernate.type.BasicTypeReference@7f7c420c
2025-05-05T18:23:31.529-04:00 DEBUG 62669 --- [week3] [           main] org.hibernate.type.BasicTypeRegistry     : Adding type registration row_version -> org.hibernate.type.BasicTypeReference@5d152bcd
2025-05-05T18:23:31.532-04:00 DEBUG 62669 --- [week3] [           main] org.hibernate.type.BasicTypeRegistry     : Adding type registration object -> org.hibernate.type.JavaObjectType@377874b4
2025-05-05T18:23:31.532-04:00 DEBUG 62669 --- [week3] [           main] org.hibernate.type.BasicTypeRegistry     : Adding type registration java.lang.Object -> org.hibernate.type.JavaObjectType@377874b4
2025-05-05T18:23:31.533-04:00 DEBUG 62669 --- [week3] [           main] org.hibernate.type.BasicTypeRegistry     : Adding type registration null -> org.hibernate.type.NullType@306c7bf6
2025-05-05T18:23:31.533-04:00 DEBUG 62669 --- [week3] [           main] org.hibernate.type.BasicTypeRegistry     : Adding type registration imm_date -> org.hibernate.type.BasicTypeReference@664632e9
2025-05-05T18:23:31.533-04:00 DEBUG 62669 --- [week3] [           main] org.hibernate.type.BasicTypeRegistry     : Adding type registration imm_time -> org.hibernate.type.BasicTypeReference@494c8f29
2025-05-05T18:23:31.533-04:00 DEBUG 62669 --- [week3] [           main] org.hibernate.type.BasicTypeRegistry     : Adding type registration imm_timestamp -> org.hibernate.type.BasicTypeReference@4f379769
2025-05-05T18:23:31.533-04:00 DEBUG 62669 --- [week3] [           main] org.hibernate.type.BasicTypeRegistry     : Adding type registration imm_calendar -> org.hibernate.type.BasicTypeReference@1c57f6b2
2025-05-05T18:23:31.533-04:00 DEBUG 62669 --- [week3] [           main] org.hibernate.type.BasicTypeRegistry     : Adding type registration imm_calendar_date -> org.hibernate.type.BasicTypeReference@4b515eab
2025-05-05T18:23:31.533-04:00 DEBUG 62669 --- [week3] [           main] org.hibernate.type.BasicTypeRegistry     : Adding type registration imm_calendar_time -> org.hibernate.type.BasicTypeReference@66c9b52f
2025-05-05T18:23:31.533-04:00 DEBUG 62669 --- [week3] [           main] org.hibernate.type.BasicTypeRegistry     : Adding type registration imm_binary -> org.hibernate.type.BasicTypeReference@1536ea40
2025-05-05T18:23:31.533-04:00 DEBUG 62669 --- [week3] [           main] org.hibernate.type.BasicTypeRegistry     : Adding type registration imm_serializable -> org.hibernate.type.BasicTypeReference@36776c32
2025-05-05T18:23:31.535-04:00 DEBUG 62669 --- [week3] [           main] o.h.boot.internal.BootstrapContextImpl   : Injecting JPA temp ClassLoader [org.springframework.instrument.classloading.SimpleThrowawayClassLoader@2accaec2] into BootstrapContext; was [null]
2025-05-05T18:23:31.535-04:00 DEBUG 62669 --- [week3] [           main] o.h.boot.internal.ClassLoaderAccessImpl  : ClassLoaderAccessImpl#injectTempClassLoader(org.springframework.instrument.classloading.SimpleThrowawayClassLoader@2accaec2) [was null]
2025-05-05T18:23:31.535-04:00 DEBUG 62669 --- [week3] [           main] o.h.boot.internal.BootstrapContextImpl   : Injecting ScanEnvironment [org.hibernate.jpa.boot.internal.StandardJpaScanEnvironmentImpl@19c1820d] into BootstrapContext; was [null]
2025-05-05T18:23:31.535-04:00 DEBUG 62669 --- [week3] [           main] o.h.boot.internal.BootstrapContextImpl   : Injecting ScanOptions [org.hibernate.boot.archive.scan.internal.StandardScanOptions@40709f9] into BootstrapContext; was [org.hibernate.boot.archive.scan.internal.StandardScanOptions@6b1b19cf]
2025-05-05T18:23:31.542-04:00 DEBUG 62669 --- [week3] [           main] o.h.j.b.i.PersistenceUnitInfoDescriptor  : Pushing class transformers for PU named 'default' on loading classloader jdk.internal.loader.ClassLoaders$AppClassLoader@18ff02e4
2025-05-05T18:23:31.641-04:00  INFO 62669 --- [week3] [           main] o.s.o.j.p.SpringPersistenceUnitInfo      : No LoadTimeWeaver setup: ignoring JPA class transformer
2025-05-05T18:23:31.641-04:00 DEBUG 62669 --- [week3] [           main] o.h.boot.internal.BootstrapContextImpl   : Injecting JPA temp ClassLoader [null] into BootstrapContext; was [org.springframework.instrument.classloading.SimpleThrowawayClassLoader@2accaec2]
2025-05-05T18:23:31.641-04:00 DEBUG 62669 --- [week3] [           main] o.h.boot.internal.ClassLoaderAccessImpl  : ClassLoaderAccessImpl#injectTempClassLoader(null) [was org.springframework.instrument.classloading.SimpleThrowawayClassLoader@2accaec2]
2025-05-05T18:23:31.656-04:00 DEBUG 62669 --- [week3] [           main] com.zaxxer.hikari.HikariConfig           : HikariPool-1 - configuration:
2025-05-05T18:23:31.658-04:00 DEBUG 62669 --- [week3] [           main] com.zaxxer.hikari.HikariConfig           : allowPoolSuspension.............false
2025-05-05T18:23:31.659-04:00 DEBUG 62669 --- [week3] [           main] com.zaxxer.hikari.HikariConfig           : autoCommit......................true
2025-05-05T18:23:31.659-04:00 DEBUG 62669 --- [week3] [           main] com.zaxxer.hikari.HikariConfig           : catalog.........................none
2025-05-05T18:23:31.659-04:00 DEBUG 62669 --- [week3] [           main] com.zaxxer.hikari.HikariConfig           : connectionInitSql...............none
2025-05-05T18:23:31.659-04:00 DEBUG 62669 --- [week3] [           main] com.zaxxer.hikari.HikariConfig           : connectionTestQuery.............none
2025-05-05T18:23:31.659-04:00 DEBUG 62669 --- [week3] [           main] com.zaxxer.hikari.HikariConfig           : connectionTimeout...............30000
2025-05-05T18:23:31.659-04:00 DEBUG 62669 --- [week3] [           main] com.zaxxer.hikari.HikariConfig           : dataSource......................none
2025-05-05T18:23:31.659-04:00 DEBUG 62669 --- [week3] [           main] com.zaxxer.hikari.HikariConfig           : dataSourceClassName.............none
2025-05-05T18:23:31.659-04:00 DEBUG 62669 --- [week3] [           main] com.zaxxer.hikari.HikariConfig           : dataSourceJNDI..................none
2025-05-05T18:23:31.660-04:00 DEBUG 62669 --- [week3] [           main] com.zaxxer.hikari.HikariConfig           : dataSourceProperties............{password=<masked>}
2025-05-05T18:23:31.660-04:00 DEBUG 62669 --- [week3] [           main] com.zaxxer.hikari.HikariConfig           : driverClassName................."oracle.jdbc.driver.OracleDriver"
2025-05-05T18:23:31.660-04:00 DEBUG 62669 --- [week3] [           main] com.zaxxer.hikari.HikariConfig           : exceptionOverrideClassName......none
2025-05-05T18:23:31.660-04:00 DEBUG 62669 --- [week3] [           main] com.zaxxer.hikari.HikariConfig           : healthCheckProperties...........{}
2025-05-05T18:23:31.660-04:00 DEBUG 62669 --- [week3] [           main] com.zaxxer.hikari.HikariConfig           : healthCheckRegistry.............none
2025-05-05T18:23:31.660-04:00 DEBUG 62669 --- [week3] [           main] com.zaxxer.hikari.HikariConfig           : idleTimeout.....................600000
2025-05-05T18:23:31.660-04:00 DEBUG 62669 --- [week3] [           main] com.zaxxer.hikari.HikariConfig           : initializationFailTimeout.......1
2025-05-05T18:23:31.660-04:00 DEBUG 62669 --- [week3] [           main] com.zaxxer.hikari.HikariConfig           : isolateInternalQueries..........false
2025-05-05T18:23:31.660-04:00 DEBUG 62669 --- [week3] [           main] com.zaxxer.hikari.HikariConfig           : jdbcUrl.........................jdbc:oracle:thin:@dbpruebas_tp?TNS_ADMIN=/Users/x0dsanta/Wallet_DBPruebas
2025-05-05T18:23:31.660-04:00 DEBUG 62669 --- [week3] [           main] com.zaxxer.hikari.HikariConfig           : keepaliveTime...................0
2025-05-05T18:23:31.660-04:00 DEBUG 62669 --- [week3] [           main] com.zaxxer.hikari.HikariConfig           : leakDetectionThreshold..........10000
2025-05-05T18:23:31.660-04:00 DEBUG 62669 --- [week3] [           main] com.zaxxer.hikari.HikariConfig           : maxLifetime.....................1800000
2025-05-05T18:23:31.660-04:00 DEBUG 62669 --- [week3] [           main] com.zaxxer.hikari.HikariConfig           : maximumPoolSize.................10
2025-05-05T18:23:31.660-04:00 DEBUG 62669 --- [week3] [           main] com.zaxxer.hikari.HikariConfig           : metricRegistry..................none
2025-05-05T18:23:31.661-04:00 DEBUG 62669 --- [week3] [           main] com.zaxxer.hikari.HikariConfig           : metricsTrackerFactory...........none
2025-05-05T18:23:31.661-04:00 DEBUG 62669 --- [week3] [           main] com.zaxxer.hikari.HikariConfig           : minimumIdle.....................10
2025-05-05T18:23:31.661-04:00 DEBUG 62669 --- [week3] [           main] com.zaxxer.hikari.HikariConfig           : password........................<masked>
2025-05-05T18:23:31.661-04:00 DEBUG 62669 --- [week3] [           main] com.zaxxer.hikari.HikariConfig           : poolName........................"HikariPool-1"
2025-05-05T18:23:31.661-04:00 DEBUG 62669 --- [week3] [           main] com.zaxxer.hikari.HikariConfig           : readOnly........................false
2025-05-05T18:23:31.661-04:00 DEBUG 62669 --- [week3] [           main] com.zaxxer.hikari.HikariConfig           : registerMbeans..................false
2025-05-05T18:23:31.661-04:00 DEBUG 62669 --- [week3] [           main] com.zaxxer.hikari.HikariConfig           : scheduledExecutor...............none
2025-05-05T18:23:31.661-04:00 DEBUG 62669 --- [week3] [           main] com.zaxxer.hikari.HikariConfig           : schema..........................none
2025-05-05T18:23:31.661-04:00 DEBUG 62669 --- [week3] [           main] com.zaxxer.hikari.HikariConfig           : threadFactory...................internal
2025-05-05T18:23:31.661-04:00 DEBUG 62669 --- [week3] [           main] com.zaxxer.hikari.HikariConfig           : transactionIsolation............default
2025-05-05T18:23:31.661-04:00 DEBUG 62669 --- [week3] [           main] com.zaxxer.hikari.HikariConfig           : username........................"PetUser"
2025-05-05T18:23:31.661-04:00 DEBUG 62669 --- [week3] [           main] com.zaxxer.hikari.HikariConfig           : validationTimeout...............5000
2025-05-05T18:23:31.661-04:00  INFO 62669 --- [week3] [           main] com.zaxxer.hikari.HikariDataSource       : HikariPool-1 - Starting...
2025-05-05T18:23:31.663-04:00  WARN 62669 --- [week3] [           main] c.zaxxer.hikari.util.DriverDataSource    : Registered driver with driverClassName=oracle.jdbc.driver.OracleDriver was not found, trying direct instantiation.
2025-05-05T18:23:31.663-04:00 DEBUG 62669 --- [week3] [           main] c.zaxxer.hikari.util.DriverDataSource    : Driver class oracle.jdbc.driver.OracleDriver found in Thread context class loader jdk.internal.loader.ClassLoaders$AppClassLoader@18ff02e4
2025-05-05T18:23:32.185-04:00 DEBUG 62669 --- [week3] [           main] jdk.event.security                       : X509Certificate: Alg:SHA256withRSA, Serial:0e:53:5a:9b:ac:d4:b9:00:33:9c:4e:0d:7e:87:e7:12, Subject:CN=adb.sa-santiago-1.oraclecloud.com, O=Oracle Corporation, L=Redwood City, ST=California, C=US, Issuer:CN=DigiCert TLS RSA SHA256 2020 CA1, O=DigiCert Inc, C=US, Key type:RSA, Length:2048, Cert Id:3580545443, Valid from:10/28/24, 9:00 PM, Valid until:11/19/25, 8:59 PM
2025-05-05T18:23:32.186-04:00 DEBUG 62669 --- [week3] [           main] jdk.event.security                       : X509Certificate: Alg:SHA256withRSA, Serial:0a:35:08:d5:5c:29:2b:01:7d:f8:ad:65:c0:0f:f7:e4, Subject:CN=DigiCert TLS RSA SHA256 2020 CA1, O=DigiCert Inc, C=US, Issuer:CN=DigiCert Global Root CA, OU=www.digicert.com, O=DigiCert Inc, C=US, Key type:RSA, Length:2048, Cert Id:128597027, Valid from:9/23/20, 9:00 PM, Valid until:9/23/30, 8:59 PM
2025-05-05T18:23:32.187-04:00 DEBUG 62669 --- [week3] [           main] jdk.event.security                       : X509Certificate: Alg:SHA1withRSA, Serial:08:3b:e0:56:90:42:46:b1:a1:75:6a:c9:59:91:c7:4a, Subject:CN=DigiCert Global Root CA, OU=www.digicert.com, O=DigiCert Inc, C=US, Issuer:CN=DigiCert Global Root CA, OU=www.digicert.com, O=DigiCert Inc, C=US, Key type:RSA, Length:2048, Cert Id:1341898239, Valid from:11/9/06, 9:00 PM, Valid until:11/9/31, 9:00 PM
2025-05-05T18:23:32.193-04:00 DEBUG 62669 --- [week3] [           main] jdk.event.security                       : X509Certificate: Alg:SHA256withRSA, Serial:00, Subject:CN=CE1EBE1A8995441E8C557925BE78B937, DNQ=V1, Issuer:C=US, ST=California, L=Redwood Shores, O=Oracle Corporation Autonomous Database Global Self-signed CA, CN=Autonomous Database CA, Key type:RSA, Length:2048, Cert Id:2900283042, Valid from:3/16/25, 6:29 PM, Valid until:3/15/30, 6:29 PM
2025-05-05T18:23:32.194-04:00 DEBUG 62669 --- [week3] [           main] jdk.event.security                       : X509Certificate: Alg:SHA1withRSA, Serial:08:3b:e0:56:90:42:46:b1:a1:75:6a:c9:59:91:c7:4a, Subject:CN=DigiCert Global Root CA, OU=www.digicert.com, O=DigiCert Inc, C=US, Issuer:CN=DigiCert Global Root CA, OU=www.digicert.com, O=DigiCert Inc, C=US, Key type:RSA, Length:2048, Cert Id:1341898239, Valid from:11/9/06, 9:00 PM, Valid until:11/9/31, 9:00 PM
2025-05-05T18:23:32.203-04:00 DEBUG 62669 --- [week3] [           main] jdk.event.security                       : ValidationChain: 1341898239, 128597027, 3580545443
2025-05-05T18:23:32.204-04:00 DEBUG 62669 --- [week3] [           main] jdk.event.security                       : X509Certificate: Alg:SHA1withRSA, Serial:08:3b:e0:56:90:42:46:b1:a1:75:6a:c9:59:91:c7:4a, Subject:CN=DigiCert Global Root CA, OU=www.digicert.com, O=DigiCert Inc, C=US, Issuer:CN=DigiCert Global Root CA, OU=www.digicert.com, O=DigiCert Inc, C=US, Key type:RSA, Length:2048, Cert Id:1341898239, Valid from:11/9/06, 9:00 PM, Valid until:11/9/31, 9:00 PM
2025-05-05T18:23:32.241-04:00 DEBUG 62669 --- [week3] [           main] jdk.event.security                       :  TLSHandshake: adb.sa-santiago-1.oraclecloud.com:1522, TLSv1.2, TLS_RSA_WITH_AES_256_GCM_SHA384, 3580545443
2025-05-05T18:23:32.264-04:00 DEBUG 62669 --- [week3] [           main] jdk.event.security                       : X509Certificate: Alg:SHA256withRSA, Serial:0e:53:5a:9b:ac:d4:b9:00:33:9c:4e:0d:7e:87:e7:12, Subject:CN=adb.sa-santiago-1.oraclecloud.com, O=Oracle Corporation, L=Redwood City, ST=California, C=US, Issuer:CN=DigiCert TLS RSA SHA256 2020 CA1, O=DigiCert Inc, C=US, Key type:RSA, Length:2048, Cert Id:3580545443, Valid from:10/28/24, 9:00 PM, Valid until:11/19/25, 8:59 PM
2025-05-05T18:23:32.265-04:00 DEBUG 62669 --- [week3] [           main] jdk.event.security                       : X509Certificate: Alg:SHA256withRSA, Serial:0a:35:08:d5:5c:29:2b:01:7d:f8:ad:65:c0:0f:f7:e4, Subject:CN=DigiCert TLS RSA SHA256 2020 CA1, O=DigiCert Inc, C=US, Issuer:CN=DigiCert Global Root CA, OU=www.digicert.com, O=DigiCert Inc, C=US, Key type:RSA, Length:2048, Cert Id:128597027, Valid from:9/23/20, 9:00 PM, Valid until:9/23/30, 8:59 PM
2025-05-05T18:23:32.265-04:00 DEBUG 62669 --- [week3] [           main] jdk.event.security                       : X509Certificate: Alg:SHA1withRSA, Serial:08:3b:e0:56:90:42:46:b1:a1:75:6a:c9:59:91:c7:4a, Subject:CN=DigiCert Global Root CA, OU=www.digicert.com, O=DigiCert Inc, C=US, Issuer:CN=DigiCert Global Root CA, OU=www.digicert.com, O=DigiCert Inc, C=US, Key type:RSA, Length:2048, Cert Id:1341898239, Valid from:11/9/06, 9:00 PM, Valid until:11/9/31, 9:00 PM
2025-05-05T18:23:32.266-04:00 DEBUG 62669 --- [week3] [           main] jdk.event.security                       : X509Certificate: Alg:SHA256withRSA, Serial:00, Subject:CN=CE1EBE1A8995441E8C557925BE78B937, DNQ=V1, Issuer:C=US, ST=California, L=Redwood Shores, O=Oracle Corporation Autonomous Database Global Self-signed CA, CN=Autonomous Database CA, Key type:RSA, Length:2048, Cert Id:2900283042, Valid from:3/16/25, 6:29 PM, Valid until:3/15/30, 6:29 PM
2025-05-05T18:23:32.266-04:00 DEBUG 62669 --- [week3] [           main] jdk.event.security                       : X509Certificate: Alg:SHA1withRSA, Serial:08:3b:e0:56:90:42:46:b1:a1:75:6a:c9:59:91:c7:4a, Subject:CN=DigiCert Global Root CA, OU=www.digicert.com, O=DigiCert Inc, C=US, Issuer:CN=DigiCert Global Root CA, OU=www.digicert.com, O=DigiCert Inc, C=US, Key type:RSA, Length:2048, Cert Id:1341898239, Valid from:11/9/06, 9:00 PM, Valid until:11/9/31, 9:00 PM
2025-05-05T18:23:32.267-04:00 DEBUG 62669 --- [week3] [           main] jdk.event.security                       : ValidationChain: 1341898239, 128597027, 3580545443
2025-05-05T18:23:32.267-04:00 DEBUG 62669 --- [week3] [           main] jdk.event.security                       : X509Certificate: Alg:SHA1withRSA, Serial:08:3b:e0:56:90:42:46:b1:a1:75:6a:c9:59:91:c7:4a, Subject:CN=DigiCert Global Root CA, OU=www.digicert.com, O=DigiCert Inc, C=US, Issuer:CN=DigiCert Global Root CA, OU=www.digicert.com, O=DigiCert Inc, C=US, Key type:RSA, Length:2048, Cert Id:1341898239, Valid from:11/9/06, 9:00 PM, Valid until:11/9/31, 9:00 PM
2025-05-05T18:23:32.277-04:00 DEBUG 62669 --- [week3] [           main] jdk.event.security                       :  TLSHandshake: adb.sa-santiago-1.oraclecloud.com:1522, TLSv1.2, TLS_RSA_WITH_AES_256_GCM_SHA384, 3580545443
2025-05-05T18:23:32.537-04:00  INFO 62669 --- [week3] [           main] com.zaxxer.hikari.pool.HikariPool        : HikariPool-1 - Added connection oracle.jdbc.driver.T4CConnection@49b89425
2025-05-05T18:23:32.538-04:00  INFO 62669 --- [week3] [           main] com.zaxxer.hikari.HikariDataSource       : HikariPool-1 - Start completed.
2025-05-05T18:23:32.551-04:00 DEBUG 62669 --- [week3] [           main] o.h.e.j.e.i.JdbcEnvironmentInitiator     : Database ->
	   name : Oracle
	version : Oracle Database 19c Enterprise Edition Release 19.0.0.0.0 - Production
Version 19.27.0.1.0
	  major : 19
	  minor : 27
2025-05-05T18:23:32.551-04:00 DEBUG 62669 --- [week3] [           main] o.h.e.j.e.i.JdbcEnvironmentInitiator     : Driver ->
	   name : Oracle JDBC driver
	version : 23.5.0.24.07
	  major : 23
	  minor : 5
2025-05-05T18:23:32.551-04:00 DEBUG 62669 --- [week3] [           main] o.h.e.j.e.i.JdbcEnvironmentInitiator     : JDBC version : 4.3
2025-05-05T18:23:32.639-04:00 DEBUG 62669 --- [week3] [l-1 housekeeper] com.zaxxer.hikari.pool.HikariPool        : HikariPool-1 - Pool stats (total=1, active=1, idle=0, waiting=0)
2025-05-05T18:23:32.668-04:00  WARN 62669 --- [week3] [           main] org.hibernate.orm.deprecation            : HHH90000025: OracleDialect does not need to be specified explicitly using 'hibernate.dialect' (remove the property setting and it will be selected by default)
2025-05-05T18:23:32.668-04:00 DEBUG 62669 --- [week3] [           main] org.hibernate.orm.dialect                : HHH035001: Using dialect: org.hibernate.dialect.OracleDialect, version: 19.27
2025-05-05T18:23:32.742-04:00 DEBUG 62669 --- [week3] [onnection adder] jdk.event.security                       : X509Certificate: Alg:SHA256withRSA, Serial:0e:53:5a:9b:ac:d4:b9:00:33:9c:4e:0d:7e:87:e7:12, Subject:CN=adb.sa-santiago-1.oraclecloud.com, O=Oracle Corporation, L=Redwood City, ST=California, C=US, Issuer:CN=DigiCert TLS RSA SHA256 2020 CA1, O=DigiCert Inc, C=US, Key type:RSA, Length:2048, Cert Id:3580545443, Valid from:10/28/24, 9:00 PM, Valid until:11/19/25, 8:59 PM
2025-05-05T18:23:32.742-04:00 DEBUG 62669 --- [week3] [onnection adder] jdk.event.security                       : X509Certificate: Alg:SHA256withRSA, Serial:0a:35:08:d5:5c:29:2b:01:7d:f8:ad:65:c0:0f:f7:e4, Subject:CN=DigiCert TLS RSA SHA256 2020 CA1, O=DigiCert Inc, C=US, Issuer:CN=DigiCert Global Root CA, OU=www.digicert.com, O=DigiCert Inc, C=US, Key type:RSA, Length:2048, Cert Id:128597027, Valid from:9/23/20, 9:00 PM, Valid until:9/23/30, 8:59 PM
2025-05-05T18:23:32.743-04:00 DEBUG 62669 --- [week3] [onnection adder] jdk.event.security                       : X509Certificate: Alg:SHA1withRSA, Serial:08:3b:e0:56:90:42:46:b1:a1:75:6a:c9:59:91:c7:4a, Subject:CN=DigiCert Global Root CA, OU=www.digicert.com, O=DigiCert Inc, C=US, Issuer:CN=DigiCert Global Root CA, OU=www.digicert.com, O=DigiCert Inc, C=US, Key type:RSA, Length:2048, Cert Id:1341898239, Valid from:11/9/06, 9:00 PM, Valid until:11/9/31, 9:00 PM
2025-05-05T18:23:32.744-04:00 DEBUG 62669 --- [week3] [onnection adder] jdk.event.security                       : X509Certificate: Alg:SHA256withRSA, Serial:00:e0:e2:96:9e:3a:1b:fc:99:09:cb:6c:14:45:25:6a:f1, Subject:C=US, ST=California, L=Redwood Shores, O=Oracle Corporation Autonomous Database Global Self-signed CA, CN=Autonomous Database CA, Issuer:C=US, ST=California, L=Redwood Shores, O=Oracle Corporation Autonomous Database Global Self-signed CA, CN=Autonomous Database CA, Key type:RSA, Length:2048, Cert Id:2439676835, Valid from:7/1/21, 11:14 PM, Valid until:6/26/41, 11:14 PM
2025-05-05T18:23:32.744-04:00 DEBUG 62669 --- [week3] [onnection adder] jdk.event.security                       : X509Certificate: Alg:SHA256withRSA, Serial:00, Subject:CN=CE1EBE1A8995441E8C557925BE78B937, DNQ=V1, Issuer:C=US, ST=California, L=Redwood Shores, O=Oracle Corporation Autonomous Database Global Self-signed CA, CN=Autonomous Database CA, Key type:RSA, Length:2048, Cert Id:2900283042, Valid from:3/16/25, 6:29 PM, Valid until:3/15/30, 6:29 PM
2025-05-05T18:23:32.744-04:00 DEBUG 62669 --- [week3] [onnection adder] jdk.event.security                       : X509Certificate: Alg:SHA1withRSA, Serial:08:3b:e0:56:90:42:46:b1:a1:75:6a:c9:59:91:c7:4a, Subject:CN=DigiCert Global Root CA, OU=www.digicert.com, O=DigiCert Inc, C=US, Issuer:CN=DigiCert Global Root CA, OU=www.digicert.com, O=DigiCert Inc, C=US, Key type:RSA, Length:2048, Cert Id:1341898239, Valid from:11/9/06, 9:00 PM, Valid until:11/9/31, 9:00 PM
2025-05-05T18:23:32.745-04:00 DEBUG 62669 --- [week3] [onnection adder] jdk.event.security                       : ValidationChain: 1341898239, 128597027, 3580545443
2025-05-05T18:23:32.745-04:00 DEBUG 62669 --- [week3] [onnection adder] jdk.event.security                       : X509Certificate: Alg:SHA1withRSA, Serial:08:3b:e0:56:90:42:46:b1:a1:75:6a:c9:59:91:c7:4a, Subject:CN=DigiCert Global Root CA, OU=www.digicert.com, O=DigiCert Inc, C=US, Issuer:CN=DigiCert Global Root CA, OU=www.digicert.com, O=DigiCert Inc, C=US, Key type:RSA, Length:2048, Cert Id:1341898239, Valid from:11/9/06, 9:00 PM, Valid until:11/9/31, 9:00 PM
2025-05-05T18:23:32.759-04:00  INFO 62669 --- [week3] [           main] org.hibernate.orm.connections.pooling    : HHH10001005: Database info:
	Database JDBC URL [Connecting through datasource 'HikariDataSource (HikariPool-1)']
	Database driver: undefined/unknown
	Database version: 19.27
	Autocommit mode: undefined/unknown
	Isolation level: undefined/unknown
	Minimum pool size: undefined/unknown
	Maximum pool size: undefined/unknown
2025-05-05T18:23:32.764-04:00 DEBUG 62669 --- [week3] [           main] o.h.t.d.jdbc.spi.JdbcTypeRegistry        : addDescriptor(NCharTypeDescriptor) replaced previous registration(CharTypeDescriptor)
2025-05-05T18:23:32.764-04:00 DEBUG 62669 --- [week3] [           main] o.h.t.d.jdbc.spi.JdbcTypeRegistry        : addDescriptor(NVarcharTypeDescriptor) replaced previous registration(VarcharTypeDescriptor)
2025-05-05T18:23:32.764-04:00 DEBUG 62669 --- [week3] [           main] o.h.t.d.jdbc.spi.JdbcTypeRegistry        : addDescriptor(LongNVarcharTypeDescriptor) replaced previous registration(LongVarcharTypeDescriptor)
2025-05-05T18:23:32.765-04:00 DEBUG 62669 --- [week3] [           main] o.h.t.d.jdbc.spi.JdbcTypeRegistry        : addDescriptor(NClobTypeDescriptor(DEFAULT)) replaced previous registration(ClobTypeDescriptor(DEFAULT))
2025-05-05T18:23:32.765-04:00 DEBUG 62669 --- [week3] [onnection adder] jdk.event.security                       :  TLSHandshake: adb.sa-santiago-1.oraclecloud.com:1522, TLSv1.2, TLS_RSA_WITH_AES_256_GCM_SHA384, 3580545443
2025-05-05T18:23:32.766-04:00 DEBUG 62669 --- [week3] [           main] o.h.t.d.jdbc.spi.JdbcTypeRegistry        : addDescriptor(BooleanTypeDescriptor) replaced previous registration(BooleanTypeDescriptor)
2025-05-05T18:23:32.771-04:00 DEBUG 62669 --- [week3] [           main] org.hibernate.type.BasicTypeRegistry     : Adding type registration null -> org.hibernate.type.NullType@5dd3727c
2025-05-05T18:23:32.771-04:00 DEBUG 62669 --- [week3] [           main] org.hibernate.type.BasicTypeRegistry     : Type registration key [null] overrode previous entry : `org.hibernate.type.NullType@306c7bf6`
2025-05-05T18:23:32.771-04:00 DEBUG 62669 --- [week3] [           main] org.hibernate.type.BasicTypeRegistry     : Adding type registration JAVA_OBJECT -> org.hibernate.type.JavaObjectType@bb5f9d
2025-05-05T18:23:32.771-04:00 DEBUG 62669 --- [week3] [           main] org.hibernate.type.BasicTypeRegistry     : Adding type registration java.lang.Object -> org.hibernate.type.JavaObjectType@bb5f9d
2025-05-05T18:23:32.771-04:00 DEBUG 62669 --- [week3] [           main] org.hibernate.type.BasicTypeRegistry     : Type registration key [java.lang.Object] overrode previous entry : `org.hibernate.type.JavaObjectType@377874b4`
2025-05-05T18:23:32.773-04:00 DEBUG 62669 --- [week3] [           main] org.hibernate.type.BasicTypeRegistry     : Adding type registration org.hibernate.type.DurationType -> basicType@1(java.time.Duration,3015)
2025-05-05T18:23:32.773-04:00 DEBUG 62669 --- [week3] [           main] org.hibernate.type.BasicTypeRegistry     : Adding type registration Duration -> basicType@1(java.time.Duration,3015)
2025-05-05T18:23:32.773-04:00 DEBUG 62669 --- [week3] [           main] org.hibernate.type.BasicTypeRegistry     : Adding type registration java.time.Duration -> basicType@1(java.time.Duration,3015)
2025-05-05T18:23:32.775-04:00 DEBUG 62669 --- [week3] [           main] o.h.type.spi.TypeConfiguration$Scope     : Scoping TypeConfiguration [org.hibernate.type.spi.TypeConfiguration@65d23aa3] to MetadataBuildingContext [org.hibernate.boot.internal.MetadataBuildingContextRootImpl@52eca410]
2025-05-05T18:23:32.788-04:00 DEBUG 62669 --- [week3] [onnection adder] jdk.event.security                       : X509Certificate: Alg:SHA256withRSA, Serial:0e:53:5a:9b:ac:d4:b9:00:33:9c:4e:0d:7e:87:e7:12, Subject:CN=adb.sa-santiago-1.oraclecloud.com, O=Oracle Corporation, L=Redwood City, ST=California, C=US, Issuer:CN=DigiCert TLS RSA SHA256 2020 CA1, O=DigiCert Inc, C=US, Key type:RSA, Length:2048, Cert Id:3580545443, Valid from:10/28/24, 9:00 PM, Valid until:11/19/25, 8:59 PM
2025-05-05T18:23:32.789-04:00 DEBUG 62669 --- [week3] [onnection adder] jdk.event.security                       : X509Certificate: Alg:SHA256withRSA, Serial:0a:35:08:d5:5c:29:2b:01:7d:f8:ad:65:c0:0f:f7:e4, Subject:CN=DigiCert TLS RSA SHA256 2020 CA1, O=DigiCert Inc, C=US, Issuer:CN=DigiCert Global Root CA, OU=www.digicert.com, O=DigiCert Inc, C=US, Key type:RSA, Length:2048, Cert Id:128597027, Valid from:9/23/20, 9:00 PM, Valid until:9/23/30, 8:59 PM
2025-05-05T18:23:32.789-04:00 DEBUG 62669 --- [week3] [onnection adder] jdk.event.security                       : X509Certificate: Alg:SHA1withRSA, Serial:08:3b:e0:56:90:42:46:b1:a1:75:6a:c9:59:91:c7:4a, Subject:CN=DigiCert Global Root CA, OU=www.digicert.com, O=DigiCert Inc, C=US, Issuer:CN=DigiCert Global Root CA, OU=www.digicert.com, O=DigiCert Inc, C=US, Key type:RSA, Length:2048, Cert Id:1341898239, Valid from:11/9/06, 9:00 PM, Valid until:11/9/31, 9:00 PM
2025-05-05T18:23:32.789-04:00 DEBUG 62669 --- [week3] [onnection adder] jdk.event.security                       : X509Certificate: Alg:SHA256withRSA, Serial:00:e0:e2:96:9e:3a:1b:fc:99:09:cb:6c:14:45:25:6a:f1, Subject:C=US, ST=California, L=Redwood Shores, O=Oracle Corporation Autonomous Database Global Self-signed CA, CN=Autonomous Database CA, Issuer:C=US, ST=California, L=Redwood Shores, O=Oracle Corporation Autonomous Database Global Self-signed CA, CN=Autonomous Database CA, Key type:RSA, Length:2048, Cert Id:2439676835, Valid from:7/1/21, 11:14 PM, Valid until:6/26/41, 11:14 PM
2025-05-05T18:23:32.790-04:00 DEBUG 62669 --- [week3] [onnection adder] jdk.event.security                       : X509Certificate: Alg:SHA256withRSA, Serial:00, Subject:CN=CE1EBE1A8995441E8C557925BE78B937, DNQ=V1, Issuer:C=US, ST=California, L=Redwood Shores, O=Oracle Corporation Autonomous Database Global Self-signed CA, CN=Autonomous Database CA, Key type:RSA, Length:2048, Cert Id:2900283042, Valid from:3/16/25, 6:29 PM, Valid until:3/15/30, 6:29 PM
2025-05-05T18:23:32.790-04:00 DEBUG 62669 --- [week3] [onnection adder] jdk.event.security                       : X509Certificate: Alg:SHA1withRSA, Serial:08:3b:e0:56:90:42:46:b1:a1:75:6a:c9:59:91:c7:4a, Subject:CN=DigiCert Global Root CA, OU=www.digicert.com, O=DigiCert Inc, C=US, Issuer:CN=DigiCert Global Root CA, OU=www.digicert.com, O=DigiCert Inc, C=US, Key type:RSA, Length:2048, Cert Id:1341898239, Valid from:11/9/06, 9:00 PM, Valid until:11/9/31, 9:00 PM
2025-05-05T18:23:32.790-04:00 DEBUG 62669 --- [week3] [onnection adder] jdk.event.security                       : ValidationChain: 1341898239, 128597027, 3580545443
2025-05-05T18:23:32.791-04:00 DEBUG 62669 --- [week3] [onnection adder] jdk.event.security                       : X509Certificate: Alg:SHA1withRSA, Serial:08:3b:e0:56:90:42:46:b1:a1:75:6a:c9:59:91:c7:4a, Subject:CN=DigiCert Global Root CA, OU=www.digicert.com, O=DigiCert Inc, C=US, Issuer:CN=DigiCert Global Root CA, OU=www.digicert.com, O=DigiCert Inc, C=US, Key type:RSA, Length:2048, Cert Id:1341898239, Valid from:11/9/06, 9:00 PM, Valid until:11/9/31, 9:00 PM
2025-05-05T18:23:32.803-04:00 DEBUG 62669 --- [week3] [           main] o.h.boot.model.relational.Namespace      : Created database namespace [logicalName=Name{catalog=null, schema=null}, physicalName=Name{catalog=null, schema=null}]
[...]
2025-05-05T18:23:34.136-04:00 DEBUG 62669 --- [week3] [onnection adder] jdk.event.security                       : ValidationChain: 1341898239, 128597027, 3580545443
2025-05-05T18:23:34.137-04:00 DEBUG 62669 --- [week3] [onnection adder] jdk.event.security                       : X509Certificate: Alg:SHA1withRSA, Serial:08:3b:e0:56:90:42:46:b1:a1:75:6a:c9:59:91:c7:4a, Subject:CN=DigiCert Global Root CA, OU=www.digicert.com, O=DigiCert Inc, C=US, Issuer:CN=DigiCert Global Root CA, OU=www.digicert.com, O=DigiCert Inc, C=US, Key type:RSA, Length:2048, Cert Id:1341898239, Valid from:11/9/06, 9:00 PM, Valid until:11/9/31, 9:00 PM
2025-05-05T18:23:34.152-04:00 DEBUG 62669 --- [week3] [onnection adder] jdk.event.security                       :  TLSHandshake: adb.sa-santiago-1.oraclecloud.com:1522, TLSv1.2, TLS_RSA_WITH_AES_256_GCM_SHA384, 3580545443
2025-05-05T18:23:34.283-04:00 DEBUG 62669 --- [week3] [onnection adder] com.zaxxer.hikari.pool.HikariPool        : HikariPool-1 - Added connection oracle.jdbc.driver.T4CConnection@226f23da
2025-05-05T18:23:34.317-04:00 DEBUG 62669 --- [week3] [onnection adder] com.zaxxer.hikari.pool.HikariPool        : HikariPool-1 - After adding stats (total=7, active=1, idle=6, waiting=0)
2025-05-05T18:23:34.342-04:00 DEBUG 62669 --- [week3] [           main] org.springframework.test.context.cache   : Spring test ApplicationContext cache statistics: [DefaultContextCache@5e783f78 size = 1, maxSize = 32, parentContextCount = 0, hitCount = 5, missCount = 1, failureCount = 0]
2025-05-05T18:23:34.343-04:00 DEBUG 62669 --- [week3] [           main] org.springframework.test.context.cache   : Spring test ApplicationContext cache statistics: [DefaultContextCache@5e783f78 size = 1, maxSize = 32, parentContextCount = 0, hitCount = 6, missCount = 1, failureCount = 0]
2025-05-05T18:23:34.347-04:00 DEBUG 62669 --- [week3] [           main] o.s.orm.jpa.JpaTransactionManager        : Found thread-bound EntityManager [SessionImpl(1175829504<open>)] for JPA transaction
2025-05-05T18:23:34.347-04:00 DEBUG 62669 --- [week3] [           main] o.s.orm.jpa.JpaTransactionManager        : Participating in existing transaction
2025-05-05T18:23:34.349-04:00 DEBUG 62669 --- [week3] [           main] o.h.j.internal.PersistenceUnitUtilImpl   : jakarta.persistence.PersistenceUnitUtil.getIdentifier is only intended to work with enhanced entities (although Hibernate also adapts this support to its proxies); however the passed entity was not enhanced (nor a proxy).. may not be able to read identifier
2025-05-05T18:23:34.352-04:00 DEBUG 62669 --- [week3] [           main] org.hibernate.SQL                        : select sq_user_id.nextval from dual
Hibernate: select sq_user_id.nextval from dual
2025-05-05T18:23:34.370-04:00 DEBUG 62669 --- [week3] [onnection adder] jdk.event.security                       : X509Certificate: Alg:SHA256withRSA, Serial:0e:53:5a:9b:ac:d4:b9:00:33:9c:4e:0d:7e:87:e7:12, Subject:CN=adb.sa-santiago-1.oraclecloud.com, O=Oracle Corporation, L=Redwood City, ST=California, C=US, Issuer:CN=DigiCert TLS RSA SHA256 2020 CA1, O=DigiCert Inc, C=US, Key type:RSA, Length:2048, Cert Id:3580545443, Valid from:10/28/24, 9:00 PM, Valid until:11/19/25, 8:59 PM
2025-05-05T18:23:34.371-04:00 DEBUG 62669 --- [week3] [onnection adder] jdk.event.security                       : X509Certificate: Alg:SHA256withRSA, Serial:0a:35:08:d5:5c:29:2b:01:7d:f8:ad:65:c0:0f:f7:e4, Subject:CN=DigiCert TLS RSA SHA256 2020 CA1, O=DigiCert Inc, C=US, Issuer:CN=DigiCert Global Root CA, OU=www.digicert.com, O=DigiCert Inc, C=US, Key type:RSA, Length:2048, Cert Id:128597027, Valid from:9/23/20, 9:00 PM, Valid until:9/23/30, 8:59 PM
2025-05-05T18:23:34.371-04:00 DEBUG 62669 --- [week3] [onnection adder] jdk.event.security                       : X509Certificate: Alg:SHA1withRSA, Serial:08:3b:e0:56:90:42:46:b1:a1:75:6a:c9:59:91:c7:4a, Subject:CN=DigiCert Global Root CA, OU=www.digicert.com, O=DigiCert Inc, C=US, Issuer:CN=DigiCert Global Root CA, OU=www.digicert.com, O=DigiCert Inc, C=US, Key type:RSA, Length:2048, Cert Id:1341898239, Valid from:11/9/06, 9:00 PM, Valid until:11/9/31, 9:00 PM
2025-05-05T18:23:34.371-04:00 DEBUG 62669 --- [week3] [onnection adder] jdk.event.security                       : X509Certificate: Alg:SHA256withRSA, Serial:00:e0:e2:96:9e:3a:1b:fc:99:09:cb:6c:14:45:25:6a:f1, Subject:C=US, ST=California, L=Redwood Shores, O=Oracle Corporation Autonomous Database Global Self-signed CA, CN=Autonomous Database CA, Issuer:C=US, ST=California, L=Redwood Shores, O=Oracle Corporation Autonomous Database Global Self-signed CA, CN=Autonomous Database CA, Key type:RSA, Length:2048, Cert Id:2439676835, Valid from:7/1/21, 11:14 PM, Valid until:6/26/41, 11:14 PM
2025-05-05T18:23:34.371-04:00 DEBUG 62669 --- [week3] [onnection adder] jdk.event.security                       : X509Certificate: Alg:SHA1withRSA, Serial:08:3b:e0:56:90:42:46:b1:a1:75:6a:c9:59:91:c7:4a, Subject:CN=DigiCert Global Root CA, OU=www.digicert.com, O=DigiCert Inc, C=US, Issuer:CN=DigiCert Global Root CA, OU=www.digicert.com, O=DigiCert Inc, C=US, Key type:RSA, Length:2048, Cert Id:1341898239, Valid from:11/9/06, 9:00 PM, Valid until:11/9/31, 9:00 PM
2025-05-05T18:23:34.372-04:00 DEBUG 62669 --- [week3] [onnection adder] jdk.event.security                       : ValidationChain: 1341898239, 128597027, 3580545443
2025-05-05T18:23:34.372-04:00 DEBUG 62669 --- [week3] [onnection adder] jdk.event.security                       : X509Certificate: Alg:SHA1withRSA, Serial:08:3b:e0:56:90:42:46:b1:a1:75:6a:c9:59:91:c7:4a, Subject:CN=DigiCert Global Root CA, OU=www.digicert.com, O=DigiCert Inc, C=US, Issuer:CN=DigiCert Global Root CA, OU=www.digicert.com, O=DigiCert Inc, C=US, Key type:RSA, Length:2048, Cert Id:1341898239, Valid from:11/9/06, 9:00 PM, Valid until:11/9/31, 9:00 PM
2025-05-05T18:23:34.386-04:00 DEBUG 62669 --- [week3] [onnection adder] jdk.event.security                       :  TLSHandshake: adb.sa-santiago-1.oraclecloud.com:1522, TLSv1.2, TLS_RSA_WITH_AES_256_GCM_SHA384, 3580545443
2025-05-05T18:23:34.390-04:00 DEBUG 62669 --- [week3] [           main] o.h.id.enhanced.SequenceStructure        : Sequence value obtained: 1
2025-05-05T18:23:34.391-04:00 DEBUG 62669 --- [week3] [           main] o.h.e.i.AbstractSaveEventListener        : Generated identifier: 1, using strategy: org.hibernate.id.enhanced.SequenceStyleGenerator
2025-05-05T18:23:34.412-04:00 DEBUG 62669 --- [week3] [onnection adder] jdk.event.security                       : X509Certificate: Alg:SHA256withRSA, Serial:0e:53:5a:9b:ac:d4:b9:00:33:9c:4e:0d:7e:87:e7:12, Subject:CN=adb.sa-santiago-1.oraclecloud.com, O=Oracle Corporation, L=Redwood City, ST=California, C=US, Issuer:CN=DigiCert TLS RSA SHA256 2020 CA1, O=DigiCert Inc, C=US, Key type:RSA, Length:2048, Cert Id:3580545443, Valid from:10/28/24, 9:00 PM, Valid until:11/19/25, 8:59 PM
2025-05-05T18:23:34.412-04:00 DEBUG 62669 --- [week3] [onnection adder] jdk.event.security                       : X509Certificate: Alg:SHA256withRSA, Serial:0a:35:08:d5:5c:29:2b:01:7d:f8:ad:65:c0:0f:f7:e4, Subject:CN=DigiCert TLS RSA SHA256 2020 CA1, O=DigiCert Inc, C=US, Issuer:CN=DigiCert Global Root CA, OU=www.digicert.com, O=DigiCert Inc, C=US, Key type:RSA, Length:2048, Cert Id:128597027, Valid from:9/23/20, 9:00 PM, Valid until:9/23/30, 8:59 PM
2025-05-05T18:23:34.412-04:00 DEBUG 62669 --- [week3] [onnection adder] jdk.event.security                       : X509Certificate: Alg:SHA1withRSA, Serial:08:3b:e0:56:90:42:46:b1:a1:75:6a:c9:59:91:c7:4a, Subject:CN=DigiCert Global Root CA, OU=www.digicert.com, O=DigiCert Inc, C=US, Issuer:CN=DigiCert Global Root CA, OU=www.digicert.com, O=DigiCert Inc, C=US, Key type:RSA, Length:2048, Cert Id:1341898239, Valid from:11/9/06, 9:00 PM, Valid until:11/9/31, 9:00 PM
2025-05-05T18:23:34.412-04:00 DEBUG 62669 --- [week3] [onnection adder] jdk.event.security                       : X509Certificate: Alg:SHA256withRSA, Serial:00:e0:e2:96:9e:3a:1b:fc:99:09:cb:6c:14:45:25:6a:f1, Subject:C=US, ST=California, L=Redwood Shores, O=Oracle Corporation Autonomous Database Global Self-signed CA, CN=Autonomous Database CA, Issuer:C=US, ST=California, L=Redwood Shores, O=Oracle Corporation Autonomous Database Global Self-signed CA, CN=Autonomous Database CA, Key type:RSA, Length:2048, Cert Id:2439676835, Valid from:7/1/21, 11:14 PM, Valid until:6/26/41, 11:14 PM
2025-05-05T18:23:34.413-04:00 DEBUG 62669 --- [week3] [onnection adder] jdk.event.security                       : X509Certificate: Alg:SHA1withRSA, Serial:08:3b:e0:56:90:42:46:b1:a1:75:6a:c9:59:91:c7:4a, Subject:CN=DigiCert Global Root CA, OU=www.digicert.com, O=DigiCert Inc, C=US, Issuer:CN=DigiCert Global Root CA, OU=www.digicert.com, O=DigiCert Inc, C=US, Key type:RSA, Length:2048, Cert Id:1341898239, Valid from:11/9/06, 9:00 PM, Valid until:11/9/31, 9:00 PM
2025-05-05T18:23:34.413-04:00 DEBUG 62669 --- [week3] [onnection adder] jdk.event.security                       : ValidationChain: 1341898239, 128597027, 3580545443
2025-05-05T18:23:34.413-04:00 DEBUG 62669 --- [week3] [onnection adder] jdk.event.security                       : X509Certificate: Alg:SHA1withRSA, Serial:08:3b:e0:56:90:42:46:b1:a1:75:6a:c9:59:91:c7:4a, Subject:CN=DigiCert Global Root CA, OU=www.digicert.com, O=DigiCert Inc, C=US, Issuer:CN=DigiCert Global Root CA, OU=www.digicert.com, O=DigiCert Inc, C=US, Key type:RSA, Length:2048, Cert Id:1341898239, Valid from:11/9/06, 9:00 PM, Valid until:11/9/31, 9:00 PM
2025-05-05T18:23:34.423-04:00 DEBUG 62669 --- [week3] [onnection adder] jdk.event.security                       :  TLSHandshake: adb.sa-santiago-1.oraclecloud.com:1522, TLSv1.2, TLS_RSA_WITH_AES_256_GCM_SHA384, 3580545443
2025-05-05T18:23:34.427-04:00 DEBUG 62669 --- [week3] [           main] o.h.e.i.AbstractFlushingEventListener    : Processing flush-time cascades
2025-05-05T18:23:34.428-04:00 DEBUG 62669 --- [week3] [           main] o.h.e.i.AbstractFlushingEventListener    : Dirty checking collections
2025-05-05T18:23:34.438-04:00 DEBUG 62669 --- [week3] [           main] org.hibernate.orm.sql.ast.create         : Created new SQL alias : u1_0
2025-05-05T18:23:34.438-04:00 DEBUG 62669 --- [week3] [           main] org.hibernate.orm.sql.ast.create         : Registration of TableGroup [StandardTableGroup(com.duoc.week3.model.User(4))] with identifierForTableGroup [com.duoc.week3.model.User] for NavigablePath [com.duoc.week3.model.User] 
2025-05-05T18:23:34.441-04:00 DEBUG 62669 --- [week3] [           main] org.hibernate.orm.sql.ast.create         : Registration of TableGroup [org.hibernate.sql.ast.tree.from.LazyTableGroup@189c6683] with identifierForTableGroup [com.duoc.week3.model.User(4).role] for NavigablePath [com.duoc.week3.model.User(4).role] 
2025-05-05T18:23:34.443-04:00 DEBUG 62669 --- [week3] [           main] o.h.q.sqm.sql.BaseSqmToSqlAstConverter   : Determining mapping-model type for SqmParameter : org.hibernate.query.sqm.tree.expression.SqmJpaCriteriaParameterWrapper@4c25687b
2025-05-05T18:23:34.443-04:00 DEBUG 62669 --- [week3] [           main] o.h.q.sqm.sql.BaseSqmToSqlAstConverter   : Determining mapping-model type for SqmPath : SqmBasicValuedSimplePath(com.duoc.week3.model.User(4).email) 
2025-05-05T18:23:34.444-04:00 DEBUG 62669 --- [week3] [           main] o.h.q.sqm.sql.BaseSqmToSqlAstConverter   : Determining mapping-model type for SqmParameter : org.hibernate.query.sqm.tree.expression.SqmJpaCriteriaParameterWrapper@184e5c44
2025-05-05T18:23:34.444-04:00 DEBUG 62669 --- [week3] [           main] o.h.q.sqm.sql.BaseSqmToSqlAstConverter   : Determining mapping-model type for SqmPath : SqmBasicValuedSimplePath(com.duoc.week3.model.User(4).password) 
2025-05-05T18:23:34.446-04:00 DEBUG 62669 --- [week3] [           main] org.hibernate.orm.results.graph.AST      : DomainResult Graph:
 \-EntityResultImpl [com.duoc.week3.model.User(4)]
 |  +-BasicFetch [com.duoc.week3.model.User(4).birthDate]
 |  +-BasicFetch [com.duoc.week3.model.User(4).created_at]
 |  +-BasicFetch [com.duoc.week3.model.User(4).email]
 |  +-BasicFetch [com.duoc.week3.model.User(4).name]
 |  +-BasicFetch [com.duoc.week3.model.User(4).password]
 |  +-DelayedCollectionFetch [com.duoc.week3.model.User(4).pets]
 |  +-BasicFetch [com.duoc.week3.model.User(4).phone]
 |  +-EntityDelayedFetchImpl [com.duoc.week3.model.User(4).role]
 |  \-BasicFetch [com.duoc.week3.model.User(4).updated_at]

2025-05-05T18:23:34.446-04:00 DEBUG 62669 --- [week3] [           main] org.hibernate.orm.sql.ast.tree           : SQL AST Tree:
    SelectStatement {
      FromClause {
        StandardTableGroup (u1 : com.duoc.week3.model.User(4)) {
          primaryTableReference : users as u1_0
          TableGroupJoins {
            left  join LazyTableGroup (r1 : com.duoc.week3.model.User(4).role) {
            }
          }
        }
      }
    }

2025-05-05T18:23:34.449-04:00 DEBUG 62669 --- [week3] [           main] o.h.e.i.AbstractFlushingEventListener    : Flushed: 1 insertions, 0 updates, 0 deletions to 1 objects
2025-05-05T18:23:34.449-04:00 DEBUG 62669 --- [week3] [           main] o.h.e.i.AbstractFlushingEventListener    : Flushed: 0 (re)creations, 0 updates, 0 removals to 0 collections
2025-05-05T18:23:34.450-04:00 DEBUG 62669 --- [week3] [           main] o.hibernate.internal.util.EntityPrinter  : Listing entities:
2025-05-05T18:23:34.450-04:00 DEBUG 62669 --- [week3] [           main] o.hibernate.internal.util.EntityPrinter  : com.duoc.week3.model.User{pets=null, password=password, role=com.duoc.week3.model.Role#2, updated_at=2025-05-05T18:23:34.344901, phone=+56912345678, name=name, created_at=2025-05-05T18:23:34.344896, id=1, birthDate=2000-01-01, email=email@mail.com}
2025-05-05T18:23:34.450-04:00 DEBUG 62669 --- [week3] [           main] org.hibernate.engine.spi.ActionQueue     : Changes must be flushed to space: users
2025-05-05T18:23:34.459-04:00 DEBUG 62669 --- [week3] [           main] org.hibernate.SQL                        : insert into users (birth_date,created_at,email,name,password,phone,role_id,updated_at,id) values (?,?,?,?,?,?,?,?,?)
Hibernate: insert into users (birth_date,created_at,email,name,password,phone,role_id,updated_at,id) values (?,?,?,?,?,?,?,?,?)
2025-05-05T18:23:34.500-04:00 DEBUG 62669 --- [week3] [           main] org.hibernate.orm.sql.exec               : Skipping reading Query result cache data: cache-enabled = false, cache-mode = NORMAL
2025-05-05T18:23:34.501-04:00 DEBUG 62669 --- [week3] [           main] org.hibernate.SQL                        : select u1_0.id,u1_0.birth_date,u1_0.created_at,u1_0.email,u1_0.name,u1_0.password,u1_0.phone,u1_0.role_id,u1_0.updated_at from users u1_0 where u1_0.email=? and u1_0.password=?
Hibernate: select u1_0.id,u1_0.birth_date,u1_0.created_at,u1_0.email,u1_0.name,u1_0.password,u1_0.phone,u1_0.role_id,u1_0.updated_at from users u1_0 where u1_0.email=? and u1_0.password=?
2025-05-05T18:23:34.545-04:00 DEBUG 62669 --- [week3] [           main] org.hibernate.orm.results                : Initializer list:
	  com.duoc.week3.model.User(4).role -> EntityDelayedFetchInitializer(com.duoc.week3.model.User(4).role)@1258442674 (ToOneAttributeMapping(NavigableRole[com.duoc.week3.model.User.role])@1396297158)
	  com.duoc.week3.model.User(4) -> EntityJoinedFetchInitializer(com.duoc.week3.model.User(4))@1537136507 (SingleTableEntityPersister(com.duoc.week3.model.User))
	  com.duoc.week3.model.User(4).pets -> DelayedCollectionInitializer(com.duoc.week3.model.User(4).pets)@176257014 (PluralAttribute(com.duoc.week3.model.User.pets))

2025-05-05T18:23:34.549-04:00 DEBUG 62669 --- [week3] [onnection adder] com.zaxxer.hikari.pool.HikariPool        : HikariPool-1 - Added connection oracle.jdbc.driver.T4CConnection@2cdd2ae9
2025-05-05T18:23:34.550-04:00 DEBUG 62669 --- [week3] [           main] org.springframework.test.context.cache   : Spring test ApplicationContext cache statistics: [DefaultContextCache@5e783f78 size = 1, maxSize = 32, parentContextCount = 0, hitCount = 7, missCount = 1, failureCount = 0]
2025-05-05T18:23:34.550-04:00 DEBUG 62669 --- [week3] [           main] org.springframework.test.context.cache   : Spring test ApplicationContext cache statistics: [DefaultContextCache@5e783f78 size = 1, maxSize = 32, parentContextCount = 0, hitCount = 8, missCount = 1, failureCount = 0]
2025-05-05T18:23:34.551-04:00 DEBUG 62669 --- [week3] [           main] org.springframework.test.context.cache   : Spring test ApplicationContext cache statistics: [DefaultContextCache@5e783f78 size = 1, maxSize = 32, parentContextCount = 0, hitCount = 9, missCount = 1, failureCount = 0]
2025-05-05T18:23:34.551-04:00 DEBUG 62669 --- [week3] [           main] org.springframework.test.context.cache   : Spring test ApplicationContext cache statistics: [DefaultContextCache@5e783f78 size = 1, maxSize = 32, parentContextCount = 0, hitCount = 10, missCount = 1, failureCount = 0]
2025-05-05T18:23:34.551-04:00 DEBUG 62669 --- [week3] [           main] org.springframework.test.context.cache   : Spring test ApplicationContext cache statistics: [DefaultContextCache@5e783f78 size = 1, maxSize = 32, parentContextCount = 0, hitCount = 11, missCount = 1, failureCount = 0]
2025-05-05T18:23:34.552-04:00 DEBUG 62669 --- [week3] [           main] org.springframework.test.context.cache   : Spring test ApplicationContext cache statistics: [DefaultContextCache@5e783f78 size = 1, maxSize = 32, parentContextCount = 0, hitCount = 12, missCount = 1, failureCount = 0]
2025-05-05T18:23:34.553-04:00 DEBUG 62669 --- [week3] [           main] org.springframework.test.context.cache   : Spring test ApplicationContext cache statistics: [DefaultContextCache@5e783f78 size = 1, maxSize = 32, parentContextCount = 0, hitCount = 13, missCount = 1, failureCount = 0]
2025-05-05T18:23:34.553-04:00 DEBUG 62669 --- [week3] [           main] o.s.orm.jpa.JpaTransactionManager        : Initiating transaction rollback
2025-05-05T18:23:34.553-04:00 DEBUG 62669 --- [week3] [           main] o.s.orm.jpa.JpaTransactionManager        : Rolling back JPA transaction on EntityManager [SessionImpl(1175829504<open>)]
2025-05-05T18:23:34.553-04:00 DEBUG 62669 --- [week3] [           main] o.h.e.t.internal.TransactionImpl         : rolling back
2025-05-05T18:23:34.565-04:00 DEBUG 62669 --- [week3] [           main] o.s.orm.jpa.JpaTransactionManager        : Closing JPA EntityManager [SessionImpl(1175829504<open>)] after transaction
2025-05-05T18:23:34.566-04:00 DEBUG 62669 --- [week3] [           main] o.s.t.c.transaction.TransactionContext   : Rolled back transaction (1) for test class [com.duoc.week3.repository.UserRepositoryTest]; test method [tetsFindByEmailAndPassword]
2025-05-05T18:23:34.566-04:00 DEBUG 62669 --- [week3] [           main] .c.s.DirtiesContextTestExecutionListener : After test method: class [UserRepositoryTest], method [tetsFindByEmailAndPassword], class annotated with @DirtiesContext [false] with mode [null], method annotated with @DirtiesContext [false] with mode [null]
]]></system-out>
    <system-err><![CDATA[Mockito is currently self-attaching to enable the inline-mock-maker. This will no longer work in future releases of the JDK. Please add Mockito as an agent to your build what is described in Mockito's documentation: https://javadoc.io/doc/org.mockito/mockito-core/latest/org/mockito/Mockito.html#0.3
WARNING: A Java agent has been loaded dynamically (/Users/x0dsanta/.m2/repository/net/bytebuddy/byte-buddy-agent/1.15.11/byte-buddy-agent-1.15.11.jar)
WARNING: If a serviceability tool is in use, please run with -XX:+EnableDynamicAgentLoading to hide this warning
WARNING: If a serviceability tool is not in use, please run with -Djdk.instrument.traceUsage for more information
WARNING: Dynamic loading of agents will be disallowed by default in a future release
]]></system-err>
  </testcase>
</testsuite>